[1780540678] - 1 - 1 - EN COLA
[1780540678] - 1 - 1 - CREADO
[1780540678] - 2 - 1 - EN COLA
[1780540678] - 2 - 1 - CREADO
[1780540678] - 3 - 0 - EN COLA
[1780540678] - 3 - 0 - CREADO
[1780540678] - 4 - 0 - EN COLA
[1780540678] - 4 - 0 - CREADO
[1780540678] - 5 - 1 - EN COLA
[1780540678] - 5 - 1 - CREADO
[1780540678] - 1 - 1 - ASIGNADO_A_VRAM
[1780540678] - 6 - 0 - EN COLA
[1780540678] - 6 - 0 - CREADO
[1780540678] - 2 - 1 - ASIGNADO_A_VRAM
[1780540678] - 7 - 0 - EN COLA
[1780540678] - 7 - 0 - CREADO
[1780540679] - 8 - 0 - EN COLA
[1780540679] - 8 - 0 - CREADO
[1780540679] - 9 - 0 - EN COLA
[1780540679] - 9 - 0 - CREADO
[1780540679] - 10 - 0 - EN COLA
[1780540679] - 10 - 0 - CREADO
[1780540679] - 1 - 1 - FINALIZADO
[1780540679] - 2 - 1 - FINALIZADO
[1780540680] - 5 - 1 - ASIGNADO_A_VRAM
[1780540680] - 9 - 0 - ASIGNADO_A_VRAM
[1780540680] - 5 - 1 - FINALIZADO
[1780540681] - 9 - 0 - FINALIZADO
[1780540681] - 7 - 0 - ASIGNADO_A_VRAM
[1780540681] - 8 - 0 - ASIGNADO_A_VRAM
[1780540682] - 7 - 0 - FINALIZADO
[1780540682] - 8 - 0 - FINALIZADO
[1780540682] - 4 - 0 - ASIGNADO_A_VRAM
[1780540682] - 6 - 0 - ASIGNADO_A_VRAM
[1780540683] - 4 - 0 - FINALIZADO
[1780540683] - 6 - 0 - FINALIZADO
[1780540684] - 3 - 2 - ASIGNADO_A_VRAM
[1780540684] - 10 - 0 - ASIGNADO_A_VRAM
[1780540684] - 3 - 2 - FINALIZADO
[1780540685] - 10 - 0 - FINALIZADO
[1780540891] - 1 - 1 - EN COLA
[1780540891] - 1 - 1 - CREADO
[1780540892] - 2 - 1 - EN COLA
[1780540892] - 2 - 1 - CREADO
[1780540892] - 3 - 0 - EN COLA
[1780540892] - 3 - 0 - CREADO
[1780540892] - 4 - 0 - EN COLA
[1780540892] - 4 - 0 - CREADO
[1780540892] - 5 - 1 - EN COLA
[1780540892] - 5 - 1 - CREADO
[1780540892] - 1 - 1 - ASIGNADO_A_VRAM
[1780540892] - 6 - 0 - EN COLA
[1780540892] - 6 - 0 - CREADO
[1780540892] - 2 - 1 - ASIGNADO_A_VRAM
[1780540892] - 7 - 0 - EN COLA
[1780540892] - 7 - 0 - CREADO
[1780540892] - 8 - 0 - EN COLA
[1780540892] - 8 - 0 - CREADO
[1780540892] - 9 - 0 - EN COLA
[1780540892] - 9 - 0 - CREADO
[1780540892] - 10 - 0 - EN COLA
[1780540892] - 10 - 0 - CREADO
[1780540893] - 1 - 1 - FINALIZADO
[1780540893] - 2 - 1 - FINALIZADO
[1780540893] - 5 - 1 - ASIGNADO_A_VRAM
[1780540893] - 9 - 0 - ASIGNADO_A_VRAM
[1780540894] - 5 - 1 - FINALIZADO
[1780540894] - 9 - 0 - FINALIZADO
[1780540895] - 7 - 0 - ASIGNADO_A_VRAM
[1780540895] - 8 - 0 - ASIGNADO_A_VRAM
[1780540895] - 7 - 0 - FINALIZADO
[1780540896] - 8 - 0 - FINALIZADO
[1780540896] - 4 - 0 - ASIGNADO_A_VRAM
[1780540896] - 6 - 0 - ASIGNADO_A_VRAM
[1780540897] - 4 - 0 - FINALIZADO
[1780540897] - 6 - 0 - FINALIZADO
[1780540897] - 3 - 2 - ASIGNADO_A_VRAM
[1780540897] - 10 - 0 - ASIGNADO_A_VRAM
[1780540898] - 3 - 2 - FINALIZADO
[1780540898] - 10 - 0 - FINALIZADO
[1780540916] - 1 - 1 - EN COLA
[1780540916] - 1 - 1 - CREADO
[1780540916] - 2 - 1 - EN COLA
[1780540916] - 2 - 1 - CREADO
[1780540916] - 3 - 0 - EN COLA
[1780540916] - 3 - 0 - CREADO
[1780540916] - 4 - 0 - EN COLA
[1780540916] - 4 - 0 - CREADO
[1780540916] - 1 - 1 - ASIGNADO_A_VRAM
[1780540916] - 5 - 1 - EN COLA
[1780540916] - 5 - 1 - CREADO
[1780540916] - 6 - 0 - EN COLA
[1780540916] - 6 - 0 - CREADO
[1780540916] - 2 - 1 - ASIGNADO_A_VRAM
[1780540917] - 7 - 0 - EN COLA
[1780540917] - 7 - 0 - CREADO
[1780540917] - 8 - 0 - EN COLA
[1780540917] - 8 - 0 - CREADO
[1780540917] - 9 - 0 - EN COLA
[1780540917] - 9 - 0 - CREADO
[1780540917] - 10 - 0 - EN COLA
[1780540917] - 10 - 0 - CREADO
[1780540917] - 1 - 1 - FINALIZADO
[1780540917] - 2 - 1 - FINALIZADO
[1780540918] - 5 - 1 - ASIGNADO_A_VRAM
[1780540918] - 9 - 0 - ASIGNADO_A_VRAM
[1780540919] - 5 - 1 - FINALIZADO
[1780540919] - 9 - 0 - FINALIZADO
[1780540919] - 7 - 0 - ASIGNADO_A_VRAM
[1780540919] - 8 - 0 - ASIGNADO_A_VRAM
[1780540920] - 7 - 0 - FINALIZADO
[1780540920] - 8 - 0 - FINALIZADO
[1780540920] - 4 - 0 - ASIGNADO_A_VRAM
[1780540920] - 6 - 0 - ASIGNADO_A_VRAM
[1780540921] - 4 - 0 - FINALIZADO
[1780540921] - 6 - 0 - FINALIZADO
[1780540922] - 3 - 2 - ASIGNADO_A_VRAM
[1780540922] - 10 - 0 - ASIGNADO_A_VRAM
[1780540923] - 3 - 2 - FINALIZADO
[1780540923] - 10 - 0 - FINALIZADO
[103] - 1 - 1 - EN COLA
[105] - 1 - 1 - CREADO
[210] - 2 - 1 - EN COLA
[211] - 2 - 1 - CREADO
[333] - 3 - 0 - EN COLA
[335] - 3 - 0 - CREADO
[458] - 4 - 0 - EN COLA
[459] - 4 - 0 - CREADO
[565] - 1 - 1 - ASIGNADO_A_VRAM
[566] - 5 - 1 - EN COLA
[567] - 5 - 1 - CREADO
[673] - 2 - 1 - ASIGNADO_A_VRAM
[675] - 6 - 0 - EN COLA
[676] - 6 - 0 - CREADO
[781] - 7 - 0 - EN COLA
[783] - 7 - 0 - CREADO
[889] - 8 - 0 - EN COLA
[890] - 8 - 0 - CREADO
[996] - 9 - 0 - EN COLA
[997] - 9 - 0 - CREADO
[1104] - 10 - 0 - EN COLA
[1106] - 10 - 0 - CREADO
[1430] - 1 - 1 - FINALIZADO
[1538] - 2 - 1 - FINALIZADO
[1895] - 5 - 1 - ASIGNADO_A_VRAM
[2003] - 9 - 0 - ASIGNADO_A_VRAM
[2762] - 5 - 1 - FINALIZADO
[2871] - 9 - 0 - FINALIZADO
[3226] - 7 - 0 - ASIGNADO_A_VRAM
[3334] - 8 - 0 - ASIGNADO_A_VRAM
[4108] - 7 - 0 - FINALIZADO
[4216] - 8 - 0 - FINALIZADO
[4571] - 4 - 0 - ASIGNADO_A_VRAM
[4679] - 6 - 0 - ASIGNADO_A_VRAM
[5457] - 4 - 0 - FINALIZADO
[5566] - 6 - 0 - FINALIZADO
[5920] - 3 - 2 - ASIGNADO_A_VRAM
[6031] - 10 - 0 - ASIGNADO_A_VRAM
[6792] - 3 - 2 - FINALIZADO
[6900] - 10 - 0 - FINALIZADO
[112] - 1 - 1 - EN COLA
[113] - 1 - 1 - CREADO
[220] - 2 - 1 - EN COLA
[221] - 2 - 1 - CREADO
[330] - 3 - 0 - EN COLA
[331] - 3 - 0 - CREADO
[439] - 4 - 0 - EN COLA
[441] - 4 - 0 - CREADO
[548] - 5 - 1 - EN COLA
[549] - 5 - 1 - CREADO
[564] - 1 - 1 - ASIGNADO_A_VRAM
[656] - 6 - 0 - EN COLA
[658] - 6 - 0 - CREADO
[671] - 2 - 1 - ASIGNADO_A_VRAM
[765] - 7 - 0 - EN COLA
[766] - 7 - 0 - CREADO
[874] - 8 - 0 - EN COLA
[876] - 8 - 0 - CREADO
[981] - 9 - 0 - EN COLA
[982] - 9 - 0 - CREADO
[1089] - 10 - 0 - EN COLA
[1090] - 10 - 0 - CREADO
[1196] - 11 - 1 - EN COLA
[1198] - 11 - 1 - CREADO
[1307] - 12 - 1 - EN COLA
[1308] - 12 - 1 - CREADO
[1430] - 1 - 1 - FINALIZADO
[1538] - 2 - 1 - FINALIZADO
[1539] - 13 - 1 - EN COLA
[1540] - 13 - 1 - CREADO
[1647] - 14 - 1 - EN COLA
[1648] - 14 - 1 - CREADO
[1884] - 5 - 1 - ASIGNADO_A_VRAM
[1994] - 12 - 1 - ASIGNADO_A_VRAM
[2753] - 5 - 1 - FINALIZADO
[2864] - 12 - 1 - FINALIZADO
[2865] - 15 - 1 - EN COLA
[2866] - 15 - 1 - CREADO
[2988] - 16 - 1 - EN COLA
[2989] - 16 - 1 - CREADO
[3210] - 13 - 1 - ASIGNADO_A_VRAM
[3320] - 14 - 1 - ASIGNADO_A_VRAM
[4092] - 13 - 1 - FINALIZADO
[4202] - 14 - 1 - FINALIZADO
[4203] - 17 - 1 - EN COLA
[4204] - 17 - 1 - CREADO
[4309] - 18 - 0 - EN COLA
[4310] - 18 - 0 - CREADO
[4558] - 15 - 1 - ASIGNADO_A_VRAM
[4667] - 16 - 1 - ASIGNADO_A_VRAM
[5418] - 15 - 1 - FINALIZADO
[5530] - 16 - 1 - FINALIZADO
[5531] - 19 - 1 - EN COLA
[5532] - 19 - 1 - CREADO
[5638] - 20 - 0 - EN COLA
[5639] - 20 - 0 - CREADO
[5876] - 3 - 2 - ASIGNADO_A_VRAM
[5984] - 4 - 2 - ASIGNADO_A_VRAM
[6752] - 3 - 2 - FINALIZADO
[6860] - 21 - 1 - EN COLA
[6861] - 21 - 1 - CREADO
[6862] - 4 - 2 - FINALIZADO
[6970] - 22 - 0 - EN COLA
[6971] - 22 - 0 - CREADO
[7218] - 11 - 2 - ASIGNADO_A_VRAM
[7326] - 8 - 2 - ASIGNADO_A_VRAM
[8093] - 11 - 2 - FINALIZADO
[8188] - 8 - 2 - FINALIZADO
[8204] - 23 - 0 - EN COLA
[8205] - 23 - 0 - CREADO
[8314] - 24 - 1 - EN COLA
[8315] - 24 - 1 - CREADO
[8550] - 6 - 3 - ASIGNADO_A_VRAM
[8643] - 7 - 3 - ASIGNADO_A_VRAM
[9418] - 6 - 3 - FINALIZADO
[9511] - 7 - 3 - FINALIZADO
[9526] - 25 - 0 - EN COLA
[9527] - 25 - 0 - CREADO
[9634] - 26 - 0 - EN COLA
[9635] - 26 - 0 - CREADO
[9884] - 10 - 3 - ASIGNADO_A_VRAM
[9962] - 9 - 3 - ASIGNADO_A_VRAM
[10757] - 10 - 3 - FINALIZADO
[10834] - 9 - 3 - FINALIZADO
[10865] - 27 - 1 - EN COLA
[10866] - 27 - 1 - CREADO
[10974] - 28 - 0 - EN COLA
[10975] - 28 - 0 - CREADO
[11224] - 17 - 3 - ASIGNADO_A_VRAM
[11301] - 19 - 2 - ASIGNADO_A_VRAM
[12100] - 17 - 3 - FINALIZADO
[12177] - 19 - 2 - FINALIZADO
[12224] - 29 - 0 - EN COLA
[12225] - 29 - 0 - CREADO
[12334] - 30 - 1 - EN COLA
[12335] - 30 - 1 - CREADO
[12566] - 18 - 3 - ASIGNADO_A_VRAM
[12643] - 20 - 2 - ASIGNADO_A_VRAM
[13434] - 18 - 3 - FINALIZADO
[13498] - 20 - 2 - FINALIZADO
[13546] - 31 - 1 - EN COLA
[13547] - 31 - 1 - CREADO
[13658] - 32 - 0 - EN COLA
[13659] - 32 - 0 - CREADO
[13891] - 21 - 3 - ASIGNADO_A_VRAM
[13953] - 23 - 2 - ASIGNADO_A_VRAM
[14758] - 21 - 3 - FINALIZADO
[14819] - 23 - 2 - FINALIZADO
[14880] - 33 - 1 - EN COLA
[14881] - 33 - 1 - CREADO
[15004] - 34 - 0 - EN COLA
[15006] - 34 - 0 - CREADO
[15220] - 22 - 3 - ASIGNADO_A_VRAM
[15282] - 24 - 2 - ASIGNADO_A_VRAM
[16097] - 22 - 3 - FINALIZADO
[16158] - 24 - 2 - FINALIZADO
[16205] - 35 - 1 - EN COLA
[16207] - 35 - 1 - CREADO
[16315] - 36 - 0 - EN COLA
[16316] - 36 - 0 - CREADO
[16549] - 25 - 3 - ASIGNADO_A_VRAM
[16611] - 27 - 2 - ASIGNADO_A_VRAM
[17408] - 25 - 3 - FINALIZADO
[17470] - 27 - 2 - FINALIZADO
[17516] - 37 - 1 - EN COLA
[17517] - 37 - 1 - CREADO
[17625] - 38 - 1 - EN COLA
[17626] - 38 - 1 - CREADO
[17874] - 26 - 3 - ASIGNADO_A_VRAM
[17935] - 28 - 2 - ASIGNADO_A_VRAM
[18747] - 26 - 3 - FINALIZADO
[18795] - 28 - 2 - FINALIZADO
[18855] - 39 - 1 - EN COLA
[18857] - 39 - 1 - CREADO
[18963] - 40 - 0 - EN COLA
[18964] - 40 - 0 - CREADO
[19213] - 29 - 3 - ASIGNADO_A_VRAM
[19259] - 30 - 2 - ASIGNADO_A_VRAM
[20074] - 29 - 3 - FINALIZADO
[20122] - 30 - 2 - FINALIZADO
[20186] - 41 - 1 - EN COLA
[20187] - 41 - 1 - CREADO
[20294] - 42 - 1 - EN COLA
[20296] - 42 - 1 - CREADO
[20528] - 31 - 3 - ASIGNADO_A_VRAM
[20574] - 32 - 2 - ASIGNADO_A_VRAM
[21402] - 31 - 3 - FINALIZADO
[21433] - 32 - 2 - FINALIZADO
[21509] - 43 - 0 - EN COLA
[21510] - 43 - 0 - CREADO
[21618] - 44 - 1 - EN COLA
[21619] - 44 - 1 - CREADO
[21868] - 33 - 3 - ASIGNADO_A_VRAM
[21884] - 34 - 2 - ASIGNADO_A_VRAM
[22746] - 33 - 3 - FINALIZADO
[22762] - 34 - 2 - FINALIZADO
[22858] - 45 - 1 - EN COLA
[22859] - 45 - 1 - CREADO
[22966] - 46 - 0 - EN COLA
[22967] - 46 - 0 - CREADO
[23199] - 35 - 3 - ASIGNADO_A_VRAM
[23214] - 37 - 2 - ASIGNADO_A_VRAM
[24061] - 35 - 3 - FINALIZADO
[24077] - 37 - 2 - FINALIZADO
[24170] - 47 - 1 - EN COLA
[24171] - 47 - 1 - CREADO
[24279] - 48 - 1 - EN COLA
[24280] - 48 - 1 - CREADO
[24513] - 36 - 3 - ASIGNADO_A_VRAM
[24529] - 38 - 2 - ASIGNADO_A_VRAM
[25386] - 36 - 3 - FINALIZADO
[25402] - 38 - 2 - FINALIZADO
[25495] - 49 - 1 - EN COLA
[25497] - 49 - 1 - CREADO
[25604] - 50 - 0 - EN COLA
[25605] - 50 - 0 - CREADO
[25838] - 39 - 3 - ASIGNADO_A_VRAM
[25854] - 40 - 2 - ASIGNADO_A_VRAM
[26705] - 39 - 3 - FINALIZADO
[26720] - 40 - 2 - FINALIZADO
[26813] - 51 - 1 - EN COLA
[26814] - 51 - 1 - CREADO
[26922] - 52 - 0 - EN COLA
[26923] - 52 - 0 - CREADO
[27156] - 41 - 3 - ASIGNADO_A_VRAM
[27187] - 42 - 2 - ASIGNADO_A_VRAM
[28033] - 41 - 3 - FINALIZADO
[28064] - 42 - 2 - FINALIZADO
[28141] - 53 - 0 - EN COLA
[28142] - 53 - 0 - CREADO
[28250] - 54 - 1 - EN COLA
[28251] - 54 - 1 - CREADO
[28500] - 43 - 3 - ASIGNADO_A_VRAM
[28516] - 45 - 2 - ASIGNADO_A_VRAM
[29364] - 43 - 3 - FINALIZADO
[29380] - 45 - 2 - FINALIZADO
[29488] - 55 - 1 - EN COLA
[29489] - 55 - 1 - CREADO
[29612] - 56 - 1 - EN COLA
[29613] - 56 - 1 - CREADO
[29829] - 44 - 3 - ASIGNADO_A_VRAM
[29844] - 46 - 2 - ASIGNADO_A_VRAM
[30694] - 44 - 3 - FINALIZADO
[30709] - 46 - 2 - FINALIZADO
[30817] - 57 - 1 - EN COLA
[30818] - 57 - 1 - CREADO
[30941] - 58 - 1 - EN COLA
[30942] - 58 - 1 - CREADO
[31146] - 47 - 3 - ASIGNADO_A_VRAM
[31162] - 49 - 2 - ASIGNADO_A_VRAM
[32013] - 47 - 3 - FINALIZADO
[32029] - 49 - 2 - FINALIZADO
[32122] - 59 - 1 - EN COLA
[32123] - 59 - 1 - CREADO
[32230] - 60 - 0 - EN COLA
[32231] - 60 - 0 - CREADO
[32466] - 48 - 3 - ASIGNADO_A_VRAM
[32482] - 50 - 2 - ASIGNADO_A_VRAM
[33329] - 48 - 3 - FINALIZADO
[33344] - 50 - 2 - FINALIZADO
[33437] - 61 - 0 - EN COLA
[33439] - 61 - 0 - CREADO
[33547] - 62 - 1 - EN COLA
[33548] - 62 - 1 - CREADO
[33780] - 51 - 3 - ASIGNADO_A_VRAM
[33796] - 52 - 2 - ASIGNADO_A_VRAM
[34650] - 51 - 3 - FINALIZADO
[34666] - 52 - 2 - FINALIZADO
[34760] - 63 - 0 - EN COLA
[34761] - 63 - 0 - CREADO
[34869] - 64 - 0 - EN COLA
[34870] - 64 - 0 - CREADO
[35103] - 53 - 3 - ASIGNADO_A_VRAM
[35118] - 55 - 2 - ASIGNADO_A_VRAM
[35969] - 53 - 3 - FINALIZADO
[35985] - 55 - 2 - FINALIZADO
[36077] - 65 - 0 - EN COLA
[36078] - 65 - 0 - CREADO
[36187] - 66 - 0 - EN COLA
[36188] - 66 - 0 - CREADO
[36435] - 54 - 3 - ASIGNADO_A_VRAM
[36450] - 56 - 2 - ASIGNADO_A_VRAM
[37295] - 54 - 3 - FINALIZADO
[37310] - 56 - 2 - FINALIZADO
[37403] - 67 - 0 - EN COLA
[37404] - 67 - 0 - CREADO
[37512] - 68 - 0 - EN COLA
[37513] - 68 - 0 - CREADO
[37759] - 57 - 3 - ASIGNADO_A_VRAM
[37775] - 58 - 2 - ASIGNADO_A_VRAM
[38637] - 57 - 3 - FINALIZADO
[38653] - 58 - 2 - FINALIZADO
[38746] - 69 - 0 - EN COLA
[38747] - 69 - 0 - CREADO
[38853] - 70 - 0 - EN COLA
[38854] - 70 - 0 - CREADO
[39103] - 59 - 3 - ASIGNADO_A_VRAM
[39118] - 61 - 2 - ASIGNADO_A_VRAM
[39978] - 59 - 3 - FINALIZADO
[39994] - 61 - 2 - FINALIZADO
[40090] - 71 - 0 - EN COLA
[40091] - 71 - 0 - CREADO
[40198] - 72 - 1 - EN COLA
[40199] - 72 - 1 - CREADO
[40430] - 60 - 3 - ASIGNADO_A_VRAM
[40446] - 63 - 2 - ASIGNADO_A_VRAM
[41291] - 60 - 3 - FINALIZADO
[41307] - 63 - 2 - FINALIZADO
[41402] - 73 - 0 - EN COLA
[41403] - 73 - 0 - CREADO
[41511] - 74 - 1 - EN COLA
[41512] - 74 - 1 - CREADO
[41744] - 62 - 3 - ASIGNADO_A_VRAM
[41760] - 64 - 2 - ASIGNADO_A_VRAM
[42603] - 62 - 3 - FINALIZADO
[42618] - 64 - 2 - FINALIZADO
[42712] - 75 - 0 - EN COLA
[42714] - 75 - 0 - CREADO
[42820] - 76 - 0 - EN COLA
[42821] - 76 - 0 - CREADO
[43069] - 65 - 3 - ASIGNADO_A_VRAM
[43070] - 66 - 2 - ASIGNADO_A_VRAM
[43933] - 65 - 3 - FINALIZADO
[43934] - 66 - 2 - FINALIZADO
[44043] - 77 - 0 - EN COLA
[44044] - 77 - 0 - CREADO
[44154] - 78 - 1 - EN COLA
[44155] - 78 - 1 - CREADO
[44388] - 68 - 2 - ASIGNADO_A_VRAM
[44389] - 67 - 3 - ASIGNADO_A_VRAM
[45251] - 67 - 3 - FINALIZADO
[45252] - 68 - 2 - FINALIZADO
[45359] - 79 - 1 - EN COLA
[45360] - 79 - 1 - CREADO
[45469] - 80 - 0 - EN COLA
[45470] - 80 - 0 - CREADO
[45706] - 69 - 3 - ASIGNADO_A_VRAM
[45707] - 71 - 2 - ASIGNADO_A_VRAM
[46570] - 71 - 2 - FINALIZADO
[46571] - 69 - 3 - FINALIZADO
[46677] - 81 - 1 - EN COLA
[46678] - 81 - 1 - CREADO
[46801] - 82 - 1 - EN COLA
[46802] - 82 - 1 - CREADO
[47036] - 70 - 3 - ASIGNADO_A_VRAM
[47037] - 72 - 2 - ASIGNADO_A_VRAM
[47925] - 70 - 3 - FINALIZADO
[47926] - 72 - 2 - FINALIZADO
[48034] - 83 - 0 - EN COLA
[48035] - 83 - 0 - CREADO
[48143] - 84 - 0 - EN COLA
[48144] - 84 - 0 - CREADO
[48377] - 73 - 3 - ASIGNADO_A_VRAM
[48392] - 75 - 2 - ASIGNADO_A_VRAM
[49243] - 73 - 3 - FINALIZADO
[49259] - 75 - 2 - FINALIZADO
[49354] - 85 - 0 - EN COLA
[49355] - 85 - 0 - CREADO
[49461] - 86 - 0 - EN COLA
[49463] - 86 - 0 - CREADO
[49709] - 74 - 3 - ASIGNADO_A_VRAM
[49724] - 77 - 2 - ASIGNADO_A_VRAM
[50573] - 74 - 3 - FINALIZADO
[50588] - 77 - 2 - FINALIZADO
[50682] - 87 - 0 - EN COLA
[50683] - 87 - 0 - CREADO
[50790] - 88 - 0 - EN COLA
[50791] - 88 - 0 - CREADO
[51038] - 76 - 3 - ASIGNADO_A_VRAM
[51054] - 79 - 2 - ASIGNADO_A_VRAM
[51908] - 76 - 3 - FINALIZADO
[51924] - 79 - 2 - FINALIZADO
[52017] - 89 - 1 - EN COLA
[52018] - 89 - 1 - CREADO
[52127] - 90 - 0 - EN COLA
[52128] - 90 - 0 - CREADO
[52363] - 78 - 3 - ASIGNADO_A_VRAM
[52379] - 81 - 2 - ASIGNADO_A_VRAM
[53239] - 78 - 3 - FINALIZADO
[53255] - 81 - 2 - FINALIZADO
[53363] - 91 - 0 - EN COLA
[53364] - 91 - 0 - CREADO
[53471] - 92 - 1 - EN COLA
[53472] - 92 - 1 - CREADO
[53706] - 80 - 3 - ASIGNADO_A_VRAM
[53722] - 82 - 2 - ASIGNADO_A_VRAM
[54579] - 80 - 3 - FINALIZADO
[54595] - 82 - 2 - FINALIZADO
[54688] - 93 - 0 - EN COLA
[54689] - 93 - 0 - CREADO
[54796] - 94 - 1 - EN COLA
[54797] - 94 - 1 - CREADO
[55045] - 83 - 3 - ASIGNADO_A_VRAM
[55061] - 85 - 2 - ASIGNADO_A_VRAM
[55905] - 83 - 3 - FINALIZADO
[55937] - 85 - 2 - FINALIZADO
[56013] - 95 - 1 - EN COLA
[56014] - 95 - 1 - CREADO
[56122] - 96 - 0 - EN COLA
[56124] - 96 - 0 - CREADO
[56369] - 84 - 3 - ASIGNADO_A_VRAM
[56400] - 86 - 2 - ASIGNADO_A_VRAM
[57241] - 84 - 3 - FINALIZADO
[57273] - 86 - 2 - FINALIZADO
[57351] - 97 - 0 - EN COLA
[57352] - 97 - 0 - CREADO
[57459] - 98 - 0 - EN COLA
[57460] - 98 - 0 - CREADO
[57695] - 87 - 3 - ASIGNADO_A_VRAM
[57726] - 89 - 2 - ASIGNADO_A_VRAM
[58554] - 87 - 3 - FINALIZADO
[58586] - 89 - 2 - FINALIZADO
[58662] - 99 - 1 - EN COLA
[58664] - 99 - 1 - CREADO
[58785] - 100 - 1 - EN COLA
[58787] - 100 - 1 - CREADO
[59019] - 88 - 3 - ASIGNADO_A_VRAM
[59050] - 90 - 2 - ASIGNADO_A_VRAM
[59885] - 88 - 3 - FINALIZADO
[59916] - 90 - 2 - FINALIZADO
[59993] - 101 - 1 - EN COLA
[59994] - 101 - 1 - CREADO
[60100] - 102 - 1 - EN COLA
[60101] - 102 - 1 - CREADO
[60351] - 91 - 3 - ASIGNADO_A_VRAM
[60382] - 92 - 2 - ASIGNADO_A_VRAM
[61215] - 91 - 3 - FINALIZADO
[61245] - 92 - 2 - FINALIZADO
[61322] - 103 - 1 - EN COLA
[61324] - 103 - 1 - CREADO
[61430] - 104 - 0 - EN COLA
[61431] - 104 - 0 - CREADO
[61680] - 93 - 3 - ASIGNADO_A_VRAM
[61711] - 94 - 2 - ASIGNADO_A_VRAM
[62545] - 93 - 3 - FINALIZADO
[62577] - 94 - 2 - FINALIZADO
[62654] - 105 - 0 - EN COLA
[62655] - 105 - 0 - CREADO
[62762] - 106 - 0 - EN COLA
[62763] - 106 - 0 - CREADO
[62996] - 95 - 3 - ASIGNADO_A_VRAM
[63042] - 96 - 2 - ASIGNADO_A_VRAM
[63874] - 95 - 3 - FINALIZADO
[63920] - 96 - 2 - FINALIZADO
[63982] - 107 - 1 - EN COLA
[63983] - 107 - 1 - CREADO
[64091] - 108 - 0 - EN COLA
[64092] - 108 - 0 - CREADO
[64328] - 97 - 3 - ASIGNADO_A_VRAM
[64375] - 98 - 2 - ASIGNADO_A_VRAM
[65188] - 97 - 3 - FINALIZADO
[65250] - 98 - 2 - FINALIZADO
[65296] - 109 - 1 - EN COLA
[65297] - 109 - 1 - CREADO
[65405] - 110 - 0 - EN COLA
[65406] - 110 - 0 - CREADO
[65654] - 99 - 3 - ASIGNADO_A_VRAM
[65716] - 101 - 2 - ASIGNADO_A_VRAM
[66521] - 99 - 3 - FINALIZADO
[66584] - 101 - 2 - FINALIZADO
[66630] - 111 - 1 - EN COLA
[66631] - 111 - 1 - CREADO
[66753] - 112 - 1 - EN COLA
[66754] - 112 - 1 - CREADO
[66989] - 100 - 3 - ASIGNADO_A_VRAM
[67051] - 103 - 2 - ASIGNADO_A_VRAM
[67870] - 100 - 3 - FINALIZADO
[67916] - 103 - 2 - FINALIZADO
[67979] - 113 - 0 - EN COLA
[67980] - 113 - 0 - CREADO
[68086] - 114 - 0 - EN COLA
[68088] - 114 - 0 - CREADO
[68336] - 102 - 3 - ASIGNADO_A_VRAM
[68382] - 105 - 2 - ASIGNADO_A_VRAM
[69197] - 102 - 3 - FINALIZADO
[69245] - 105 - 2 - FINALIZADO
[69307] - 115 - 0 - EN COLA
[69309] - 115 - 0 - CREADO
[69416] - 116 - 1 - EN COLA
[69417] - 116 - 1 - CREADO
[69649] - 104 - 3 - ASIGNADO_A_VRAM
[69711] - 106 - 2 - ASIGNADO_A_VRAM
[70526] - 104 - 3 - FINALIZADO
[70588] - 106 - 2 - FINALIZADO
[70634] - 117 - 1 - EN COLA
[70635] - 117 - 1 - CREADO
[70741] - 118 - 1 - EN COLA
[70742] - 118 - 1 - CREADO
[70989] - 107 - 3 - ASIGNADO_A_VRAM
[71050] - 109 - 2 - ASIGNADO_A_VRAM
[71855] - 107 - 3 - FINALIZADO
[71917] - 109 - 2 - FINALIZADO
[71964] - 119 - 1 - EN COLA
[71966] - 119 - 1 - CREADO
[72071] - 120 - 0 - EN COLA
[72072] - 120 - 0 - CREADO
[72319] - 108 - 3 - ASIGNADO_A_VRAM
[72381] - 111 - 2 - ASIGNADO_A_VRAM
[73195] - 108 - 3 - FINALIZADO
[73242] - 111 - 2 - FINALIZADO
[73304] - 121 - 0 - EN COLA
[73305] - 121 - 0 - CREADO
[73412] - 122 - 0 - EN COLA
[73413] - 122 - 0 - CREADO
[73661] - 110 - 3 - ASIGNADO_A_VRAM
[73708] - 113 - 2 - ASIGNADO_A_VRAM
[74526] - 110 - 3 - FINALIZADO
[74573] - 113 - 2 - FINALIZADO
[74634] - 123 - 1 - EN COLA
[74635] - 123 - 1 - CREADO
[74743] - 124 - 0 - EN COLA
[74744] - 124 - 0 - CREADO
[74980] - 112 - 3 - ASIGNADO_A_VRAM
[75027] - 114 - 2 - ASIGNADO_A_VRAM
[75844] - 112 - 3 - FINALIZADO
[75905] - 114 - 2 - FINALIZADO
[75952] - 125 - 1 - EN COLA
[75953] - 125 - 1 - CREADO
[76061] - 126 - 1 - EN COLA
[76062] - 126 - 1 - CREADO
[76309] - 115 - 3 - ASIGNADO_A_VRAM
[76371] - 117 - 2 - ASIGNADO_A_VRAM
[77172] - 115 - 3 - FINALIZADO
[77232] - 117 - 2 - FINALIZADO
[77279] - 127 - 1 - EN COLA
[77280] - 127 - 1 - CREADO
[77388] - 128 - 0 - EN COLA
[77389] - 128 - 0 - CREADO
[77626] - 116 - 3 - ASIGNADO_A_VRAM
[77688] - 118 - 2 - ASIGNADO_A_VRAM
[78493] - 116 - 3 - FINALIZADO
[78556] - 118 - 2 - FINALIZADO
[78603] - 129 - 1 - EN COLA
[78604] - 129 - 1 - CREADO
[78711] - 130 - 0 - EN COLA
[78712] - 130 - 0 - CREADO
[78945] - 119 - 3 - ASIGNADO_A_VRAM
[79022] - 121 - 2 - ASIGNADO_A_VRAM
[79819] - 119 - 3 - FINALIZADO
[79898] - 121 - 2 - FINALIZADO
[79930] - 131 - 0 - EN COLA
[79931] - 131 - 0 - CREADO
[80042] - 132 - 0 - EN COLA
[80043] - 132 - 0 - CREADO
[80282] - 120 - 3 - ASIGNADO_A_VRAM
[80362] - 122 - 2 - ASIGNADO_A_VRAM
[81147] - 120 - 3 - FINALIZADO
[81239] - 122 - 2 - FINALIZADO
[81271] - 133 - 1 - EN COLA
[81272] - 133 - 1 - CREADO
[81394] - 134 - 0 - EN COLA
[81395] - 134 - 0 - CREADO
[81612] - 123 - 3 - ASIGNADO_A_VRAM
[81706] - 124 - 2 - ASIGNADO_A_VRAM
[82468] - 123 - 3 - FINALIZADO
[82560] - 124 - 2 - FINALIZADO
[82576] - 135 - 0 - EN COLA
[82577] - 135 - 0 - CREADO
[82684] - 136 - 0 - EN COLA
[82685] - 136 - 0 - CREADO
[82922] - 125 - 3 - ASIGNADO_A_VRAM
[83015] - 126 - 2 - ASIGNADO_A_VRAM
[83787] - 125 - 3 - FINALIZADO
[83880] - 126 - 2 - FINALIZADO
[83910] - 137 - 1 - EN COLA
[83912] - 137 - 1 - CREADO
[84020] - 138 - 1 - EN COLA
[84021] - 138 - 1 - CREADO
[84254] - 127 - 3 - ASIGNADO_A_VRAM
[84348] - 128 - 2 - ASIGNADO_A_VRAM
[85124] - 127 - 3 - FINALIZADO
[85233] - 128 - 2 - FINALIZADO
[85234] - 139 - 1 - EN COLA
[85235] - 139 - 1 - CREADO
[85341] - 140 - 1 - EN COLA
[85343] - 140 - 1 - CREADO
[85591] - 129 - 3 - ASIGNADO_A_VRAM
[85700] - 130 - 2 - ASIGNADO_A_VRAM
[86467] - 129 - 3 - FINALIZADO
[86575] - 130 - 2 - FINALIZADO
[86576] - 141 - 1 - EN COLA
[86577] - 141 - 1 - CREADO
[86682] - 142 - 1 - EN COLA
[86683] - 142 - 1 - CREADO
[86932] - 131 - 3 - ASIGNADO_A_VRAM
[87040] - 132 - 2 - ASIGNADO_A_VRAM
[87809] - 131 - 3 - FINALIZADO
[87918] - 132 - 2 - FINALIZADO
[87919] - 143 - 1 - EN COLA
[87920] - 143 - 1 - CREADO
[88027] - 144 - 1 - EN COLA
[88028] - 144 - 1 - CREADO
[88266] - 133 - 3 - ASIGNADO_A_VRAM
[88377] - 134 - 2 - ASIGNADO_A_VRAM
[89133] - 133 - 3 - FINALIZADO
[89243] - 145 - 1 - EN COLA
[89244] - 145 - 1 - CREADO
[89245] - 134 - 2 - FINALIZADO
[89354] - 146 - 1 - EN COLA
[89355] - 146 - 1 - CREADO
[89594] - 135 - 3 - ASIGNADO_A_VRAM
[89705] - 137 - 2 - ASIGNADO_A_VRAM
[90463] - 135 - 3 - FINALIZADO
[90572] - 137 - 2 - FINALIZADO
[90573] - 147 - 1 - EN COLA
[90574] - 147 - 1 - CREADO
[90682] - 148 - 0 - EN COLA
[90683] - 148 - 0 - CREADO
[90916] - 136 - 3 - ASIGNADO_A_VRAM
[91025] - 138 - 2 - ASIGNADO_A_VRAM
[91780] - 136 - 3 - FINALIZADO
[91887] - 149 - 1 - EN COLA
[91888] - 149 - 1 - CREADO
[91889] - 138 - 2 - FINALIZADO
[91997] - 150 - 0 - EN COLA
[91998] - 150 - 0 - CREADO
[92246] - 139 - 3 - ASIGNADO_A_VRAM
[92355] - 140 - 2 - ASIGNADO_A_VRAM
[93108] - 139 - 3 - FINALIZADO
[93216] - 140 - 2 - FINALIZADO
[93217] - 151 - 0 - EN COLA
[93218] - 151 - 0 - CREADO
[93324] - 152 - 0 - EN COLA
[93325] - 152 - 0 - CREADO
[93562] - 141 - 3 - ASIGNADO_A_VRAM
[93671] - 142 - 2 - ASIGNADO_A_VRAM
[94426] - 141 - 3 - FINALIZADO
[94551] - 142 - 2 - FINALIZADO
[94552] - 153 - 0 - EN COLA
[94553] - 153 - 0 - CREADO
[94674] - 154 - 0 - EN COLA
[94675] - 154 - 0 - CREADO
[94891] - 143 - 3 - ASIGNADO_A_VRAM
[95016] - 145 - 2 - ASIGNADO_A_VRAM
[95758] - 143 - 3 - FINALIZADO
[95868] - 155 - 1 - EN COLA
[95869] - 155 - 1 - CREADO
[95884] - 145 - 2 - FINALIZADO
[95993] - 156 - 0 - EN COLA
[95994] - 156 - 0 - CREADO
[96210] - 144 - 3 - ASIGNADO_A_VRAM
[96335] - 147 - 2 - ASIGNADO_A_VRAM
[97082] - 144 - 3 - FINALIZADO
[97194] - 157 - 0 - EN COLA
[97195] - 157 - 0 - CREADO
[97209] - 147 - 2 - FINALIZADO
[97333] - 158 - 1 - EN COLA
[97335] - 158 - 1 - CREADO
[97548] - 146 - 3 - ASIGNADO_A_VRAM
[97674] - 149 - 2 - ASIGNADO_A_VRAM
[98414] - 146 - 3 - FINALIZADO
[98524] - 159 - 0 - EN COLA
[98525] - 159 - 0 - CREADO
[98540] - 149 - 2 - FINALIZADO
[98650] - 160 - 1 - EN COLA
[98651] - 160 - 1 - CREADO
[98874] - 148 - 3 - ASIGNADO_A_VRAM
[98998] - 151 - 2 - ASIGNADO_A_VRAM
[99739] - 148 - 3 - FINALIZADO
[99862] - 161 - 0 - EN COLA
[99863] - 161 - 0 - CREADO
[99878] - 151 - 2 - FINALIZADO
[99986] - 162 - 1 - EN COLA
[99987] - 162 - 1 - CREADO
[100205] - 150 - 3 - ASIGNADO_A_VRAM
[100330] - 152 - 2 - ASIGNADO_A_VRAM
[101067] - 150 - 3 - FINALIZADO
[101176] - 163 - 0 - EN COLA
[101177] - 163 - 0 - CREADO
[101192] - 152 - 2 - FINALIZADO
[101303] - 164 - 1 - EN COLA
[101303] - 164 - 1 - CREADO
[101521] - 153 - 3 - ASIGNADO_A_VRAM
[101645] - 155 - 2 - ASIGNADO_A_VRAM
[102394] - 153 - 3 - FINALIZADO
[102502] - 165 - 0 - EN COLA
[102503] - 165 - 0 - CREADO
[102518] - 155 - 2 - FINALIZADO
[102626] - 166 - 1 - EN COLA
[102628] - 166 - 1 - CREADO
[102845] - 154 - 3 - ASIGNADO_A_VRAM
[102983] - 156 - 2 - ASIGNADO_A_VRAM
[103704] - 154 - 3 - FINALIZADO
[103812] - 167 - 1 - EN COLA
[103813] - 167 - 1 - CREADO
[103858] - 156 - 2 - FINALIZADO
[103965] - 168 - 1 - EN COLA
[103966] - 168 - 1 - CREADO
[104165] - 157 - 3 - ASIGNADO_A_VRAM
[104320] - 158 - 2 - ASIGNADO_A_VRAM
[105035] - 157 - 3 - FINALIZADO
[105146] - 169 - 0 - EN COLA
[105146] - 169 - 0 - CREADO
[105192] - 158 - 2 - FINALIZADO
[105302] - 170 - 0 - EN COLA
[105303] - 170 - 0 - CREADO
[105489] - 159 - 3 - ASIGNADO_A_VRAM
[105648] - 161 - 2 - ASIGNADO_A_VRAM
[106354] - 159 - 3 - FINALIZADO
[106463] - 171 - 1 - EN COLA
[106464] - 171 - 1 - CREADO
[106509] - 161 - 2 - FINALIZADO
[106619] - 172 - 0 - EN COLA
[106620] - 172 - 0 - CREADO
[106806] - 160 - 3 - ASIGNADO_A_VRAM
[106961] - 163 - 2 - ASIGNADO_A_VRAM
[107685] - 160 - 3 - FINALIZADO
[107793] - 173 - 0 - EN COLA
[107794] - 173 - 0 - CREADO
[107840] - 163 - 2 - FINALIZADO
[107948] - 174 - 0 - EN COLA
[107949] - 174 - 0 - CREADO
[108151] - 162 - 3 - ASIGNADO_A_VRAM
[108292] - 165 - 2 - ASIGNADO_A_VRAM
[109018] - 162 - 3 - FINALIZADO
[109130] - 175 - 0 - EN COLA
[109131] - 175 - 0 - CREADO
[109162] - 165 - 2 - FINALIZADO
[109272] - 176 - 1 - EN COLA
[109273] - 176 - 1 - CREADO
[109476] - 164 - 3 - ASIGNADO_A_VRAM
[109615] - 166 - 2 - ASIGNADO_A_VRAM
[110336] - 164 - 3 - FINALIZADO
[110444] - 177 - 0 - EN COLA
[110445] - 177 - 0 - CREADO
[110476] - 166 - 2 - FINALIZADO
[110586] - 178 - 1 - EN COLA
[110587] - 178 - 1 - CREADO
[110790] - 167 - 3 - ASIGNADO_A_VRAM
[110929] - 168 - 2 - ASIGNADO_A_VRAM
[111659] - 167 - 3 - FINALIZADO
[111768] - 179 - 0 - EN COLA
[111769] - 179 - 0 - CREADO
[111815] - 168 - 2 - FINALIZADO
[111924] - 180 - 0 - EN COLA
[111925] - 180 - 0 - CREADO
[112112] - 169 - 3 - ASIGNADO_A_VRAM
[112267] - 171 - 2 - ASIGNADO_A_VRAM
[112982] - 169 - 3 - FINALIZADO
[113090] - 181 - 1 - EN COLA
[113091] - 181 - 1 - CREADO
[113136] - 171 - 2 - FINALIZADO
[113244] - 182 - 0 - EN COLA
[113245] - 182 - 0 - CREADO
[113443] - 170 - 3 - ASIGNADO_A_VRAM
[113598] - 173 - 2 - ASIGNADO_A_VRAM
[114317] - 170 - 3 - FINALIZADO
[114443] - 183 - 1 - EN COLA
[114444] - 183 - 1 - CREADO
[114457] - 173 - 2 - FINALIZADO
[114567] - 184 - 1 - EN COLA
[114568] - 184 - 1 - CREADO
[114772] - 172 - 3 - ASIGNADO_A_VRAM
[114913] - 175 - 2 - ASIGNADO_A_VRAM
[115657] - 172 - 3 - FINALIZADO
[115765] - 185 - 0 - EN COLA
[115765] - 185 - 0 - CREADO
[115796] - 175 - 2 - FINALIZADO
[115905] - 186 - 0 - EN COLA
[115906] - 186 - 0 - CREADO
[116107] - 174 - 3 - ASIGNADO_A_VRAM
[116249] - 176 - 2 - ASIGNADO_A_VRAM
[116978] - 174 - 3 - FINALIZADO
[117087] - 187 - 0 - EN COLA
[117088] - 187 - 0 - CREADO
[117119] - 176 - 2 - FINALIZADO
[117228] - 188 - 0 - EN COLA
[117229] - 188 - 0 - CREADO
[117444] - 177 - 3 - ASIGNADO_A_VRAM
[117584] - 179 - 2 - ASIGNADO_A_VRAM
[118330] - 177 - 3 - FINALIZADO
[118439] - 189 - 1 - EN COLA
[118440] - 189 - 1 - CREADO
[118470] - 179 - 2 - FINALIZADO
[118579] - 190 - 1 - EN COLA
[118580] - 190 - 1 - CREADO
[118780] - 178 - 3 - ASIGNADO_A_VRAM
[118935] - 181 - 2 - ASIGNADO_A_VRAM
[119638] - 178 - 3 - FINALIZADO
[119747] - 191 - 0 - EN COLA
[119748] - 191 - 0 - CREADO
[119808] - 181 - 2 - FINALIZADO
[119915] - 192 - 1 - EN COLA
[119916] - 192 - 1 - CREADO
[120102] - 180 - 3 - ASIGNADO_A_VRAM
[120272] - 183 - 2 - ASIGNADO_A_VRAM
[111] - 1 - 1 - EN COLA
[112] - 1 - 1 - CREADO
[113] - 3 - 1 - EN COLA
[114] - 3 - 1 - CREADO
[114] - 2 - 1 - EN COLA
[115] - 2 - 1 - CREADO
[221] - 4 - 1 - EN COLA
[222] - 4 - 1 - CREADO
[223] - 6 - 1 - EN COLA
[223] - 6 - 1 - CREADO
[224] - 5 - 1 - EN COLA
[225] - 5 - 1 - CREADO
[344] - 8 - 0 - EN COLA
[345] - 8 - 0 - CREADO
[346] - 9 - 0 - EN COLA
[346] - 9 - 0 - CREADO
[347] - 7 - 0 - EN COLA
[347] - 7 - 0 - CREADO
[467] - 11 - 0 - EN COLA
[468] - 11 - 0 - CREADO
[469] - 10 - 0 - EN COLA
[469] - 10 - 0 - CREADO
[576] - 1 - 1 - ASIGNADO_A_VRAM
[1439] - 1 - 1 - FINALIZADO
[1550] - 12 - 0 - EN COLA
[1551] - 12 - 0 - CREADO
[1892] - 3 - 1 - ASIGNADO_A_VRAM
[2765] - 3 - 1 - FINALIZADO
[2889] - 13 - 1 - EN COLA
[2891] - 13 - 1 - CREADO
[3218] - 2 - 1 - ASIGNADO_A_VRAM
[4072] - 2 - 1 - FINALIZADO
[4180] - 14 - 1 - EN COLA
[4181] - 14 - 1 - CREADO
[4530] - 6 - 1 - ASIGNADO_A_VRAM
[5392] - 6 - 1 - FINALIZADO
[5503] - 15 - 1 - EN COLA
[5504] - 15 - 1 - CREADO
[5848] - 4 - 2 - ASIGNADO_A_VRAM
[6713] - 4 - 2 - FINALIZADO
[6822] - 16 - 0 - EN COLA
[6823] - 16 - 0 - CREADO
[7170] - 9 - 2 - ASIGNADO_A_VRAM
[8025] - 9 - 2 - FINALIZADO
[8135] - 17 - 0 - EN COLA
[8136] - 17 - 0 - CREADO
[8481] - 12 - 3 - ASIGNADO_A_VRAM
[9337] - 12 - 3 - FINALIZADO
[9445] - 18 - 0 - EN COLA
[9447] - 18 - 0 - CREADO
[9792] - 13 - 3 - ASIGNADO_A_VRAM
[10655] - 13 - 3 - FINALIZADO
[10767] - 19 - 0 - EN COLA
[10768] - 19 - 0 - CREADO
[11110] - 8 - 4 - ASIGNADO_A_VRAM
[11983] - 8 - 4 - FINALIZADO
[12094] - 20 - 0 - EN COLA
[12095] - 20 - 0 - CREADO
[12436] - 7 - 4 - ASIGNADO_A_VRAM
[13295] - 7 - 4 - FINALIZADO
[13403] - 21 - 0 - EN COLA
[13404] - 21 - 0 - CREADO
[13750] - 5 - 5 - ASIGNADO_A_VRAM
[14612] - 5 - 5 - FINALIZADO
[14721] - 22 - 0 - EN COLA
[14722] - 22 - 0 - CREADO
[15066] - 14 - 5 - ASIGNADO_A_VRAM
[15935] - 14 - 5 - FINALIZADO
[16044] - 23 - 0 - EN COLA
[16045] - 23 - 0 - CREADO
[16387] - 10 - 6 - ASIGNADO_A_VRAM
[17255] - 10 - 6 - FINALIZADO
[17362] - 24 - 0 - EN COLA
[17364] - 24 - 0 - CREADO
[17711] - 11 - 6 - ASIGNADO_A_VRAM
[18575] - 11 - 6 - FINALIZADO
[18684] - 25 - 0 - EN COLA
[18685] - 25 - 0 - CREADO
[19026] - 15 - 6 - ASIGNADO_A_VRAM
[19881] - 15 - 6 - FINALIZADO
[19989] - 26 - 0 - EN COLA
[19991] - 26 - 0 - CREADO
[20335] - 16 - 6 - ASIGNADO_A_VRAM
[21198] - 16 - 6 - FINALIZADO
[21305] - 27 - 0 - EN COLA
[21307] - 27 - 0 - CREADO
[21651] - 17 - 6 - ASIGNADO_A_VRAM
[22519] - 17 - 6 - FINALIZADO
[22628] - 28 - 0 - EN COLA
[22629] - 28 - 0 - CREADO
[22976] - 18 - 6 - ASIGNADO_A_VRAM
[23843] - 18 - 6 - FINALIZADO
[23968] - 29 - 0 - EN COLA
[23969] - 29 - 0 - CREADO
[24312] - 19 - 6 - ASIGNADO_A_VRAM
[25171] - 19 - 6 - FINALIZADO
[25296] - 30 - 0 - EN COLA
[25296] - 30 - 0 - CREADO
[25637] - 20 - 6 - ASIGNADO_A_VRAM
[26502] - 20 - 6 - FINALIZADO
[26614] - 31 - 1 - EN COLA
[26615] - 31 - 1 - CREADO
[26964] - 21 - 6 - ASIGNADO_A_VRAM
[27830] - 21 - 6 - FINALIZADO
[27939] - 32 - 1 - EN COLA
[27940] - 32 - 1 - CREADO
[28284] - 22 - 6 - ASIGNADO_A_VRAM
[29151] - 22 - 6 - FINALIZADO
[29259] - 33 - 1 - EN COLA
[29260] - 33 - 1 - CREADO
[29615] - 23 - 6 - ASIGNADO_A_VRAM
[30490] - 23 - 6 - FINALIZADO
[30597] - 34 - 1 - EN COLA
[30599] - 34 - 1 - CREADO
[30956] - 24 - 6 - ASIGNADO_A_VRAM
[31842] - 24 - 6 - FINALIZADO
[31951] - 35 - 1 - EN COLA
[31952] - 35 - 1 - CREADO
[32298] - 25 - 6 - ASIGNADO_A_VRAM
[33169] - 25 - 6 - FINALIZADO
[33279] - 36 - 1 - EN COLA
[33280] - 36 - 1 - CREADO
[33622] - 26 - 6 - ASIGNADO_A_VRAM
[34494] - 26 - 6 - FINALIZADO
[34603] - 37 - 1 - EN COLA
[34604] - 37 - 1 - CREADO
[34947] - 27 - 6 - ASIGNADO_A_VRAM
[35803] - 27 - 6 - FINALIZADO
[35913] - 38 - 1 - EN COLA
[35914] - 38 - 1 - CREADO
[36257] - 28 - 6 - ASIGNADO_A_VRAM
[37130] - 28 - 6 - FINALIZADO
[37240] - 39 - 1 - EN COLA
[37240] - 39 - 1 - CREADO
[37584] - 29 - 6 - ASIGNADO_A_VRAM
[38463] - 29 - 6 - FINALIZADO
[38575] - 40 - 1 - EN COLA
[38576] - 40 - 1 - CREADO
[38920] - 30 - 6 - ASIGNADO_A_VRAM
[39785] - 30 - 6 - FINALIZADO
[39893] - 41 - 1 - EN COLA
[39894] - 41 - 1 - CREADO
[40239] - 31 - 6 - ASIGNADO_A_VRAM
[41104] - 31 - 6 - FINALIZADO
[41213] - 42 - 1 - EN COLA
[41214] - 42 - 1 - CREADO
[41561] - 32 - 6 - ASIGNADO_A_VRAM
[42425] - 32 - 6 - FINALIZADO
[42533] - 43 - 1 - EN COLA
[42535] - 43 - 1 - CREADO
[42882] - 33 - 6 - ASIGNADO_A_VRAM
[43747] - 33 - 6 - FINALIZADO
[43857] - 44 - 1 - EN COLA
[43858] - 44 - 1 - CREADO
[44201] - 34 - 6 - ASIGNADO_A_VRAM
[45058] - 34 - 6 - FINALIZADO
[45167] - 45 - 1 - EN COLA
[45168] - 45 - 1 - CREADO
[45525] - 35 - 6 - ASIGNADO_A_VRAM
[46384] - 35 - 6 - FINALIZADO
[46491] - 46 - 1 - EN COLA
[46492] - 46 - 1 - CREADO
[46848] - 36 - 6 - ASIGNADO_A_VRAM
[47711] - 36 - 6 - FINALIZADO
[47819] - 47 - 1 - EN COLA
[47820] - 47 - 1 - CREADO
[48163] - 37 - 6 - ASIGNADO_A_VRAM
[49027] - 37 - 6 - FINALIZADO
[49135] - 48 - 1 - EN COLA
[49136] - 48 - 1 - CREADO
[49481] - 38 - 6 - ASIGNADO_A_VRAM
[50345] - 38 - 6 - FINALIZADO
[50469] - 49 - 1 - EN COLA
[50470] - 49 - 1 - CREADO
[50801] - 39 - 6 - ASIGNADO_A_VRAM
[51667] - 39 - 6 - FINALIZADO
[51775] - 50 - 1 - EN COLA
[51776] - 50 - 1 - CREADO
[52120] - 40 - 6 - ASIGNADO_A_VRAM
[52983] - 40 - 6 - FINALIZADO
[53092] - 51 - 1 - EN COLA
[53093] - 51 - 1 - CREADO
[53439] - 41 - 6 - ASIGNADO_A_VRAM
[54311] - 41 - 6 - FINALIZADO
[54420] - 52 - 0 - EN COLA
[54421] - 52 - 0 - CREADO
[54768] - 42 - 6 - ASIGNADO_A_VRAM
[55634] - 42 - 6 - FINALIZADO
[55744] - 53 - 0 - EN COLA
[55745] - 53 - 0 - CREADO
[56095] - 43 - 6 - ASIGNADO_A_VRAM
[56962] - 43 - 6 - FINALIZADO
[57071] - 54 - 0 - EN COLA
[57072] - 54 - 0 - CREADO
[57417] - 44 - 6 - ASIGNADO_A_VRAM
[58280] - 44 - 6 - FINALIZADO
[58388] - 55 - 1 - EN COLA
[58389] - 55 - 1 - CREADO
[58735] - 45 - 6 - ASIGNADO_A_VRAM
[59601] - 45 - 6 - FINALIZADO
[59709] - 56 - 1 - EN COLA
[59711] - 56 - 1 - CREADO
[60055] - 46 - 6 - ASIGNADO_A_VRAM
[60912] - 46 - 6 - FINALIZADO
[61024] - 57 - 1 - EN COLA
[61025] - 57 - 1 - CREADO
[61378] - 47 - 6 - ASIGNADO_A_VRAM
[62247] - 47 - 6 - FINALIZADO
[62355] - 58 - 0 - EN COLA
[62357] - 58 - 0 - CREADO
[62704] - 48 - 6 - ASIGNADO_A_VRAM
[63577] - 48 - 6 - FINALIZADO
[63685] - 59 - 0 - EN COLA
[63686] - 59 - 0 - CREADO
[64033] - 49 - 6 - ASIGNADO_A_VRAM
[64896] - 49 - 6 - FINALIZADO
[65007] - 60 - 0 - EN COLA
[65008] - 60 - 0 - CREADO
[65353] - 50 - 6 - ASIGNADO_A_VRAM
[66224] - 50 - 6 - FINALIZADO
[66335] - 61 - 1 - EN COLA
[66336] - 61 - 1 - CREADO
[66681] - 51 - 6 - ASIGNADO_A_VRAM
[67550] - 51 - 6 - FINALIZADO
[67657] - 62 - 1 - EN COLA
[67658] - 62 - 1 - CREADO
[68004] - 52 - 6 - ASIGNADO_A_VRAM
[68873] - 52 - 6 - FINALIZADO
[68981] - 63 - 1 - EN COLA
[68982] - 63 - 1 - CREADO
[69327] - 53 - 6 - ASIGNADO_A_VRAM
[70191] - 53 - 6 - FINALIZADO
[70298] - 64 - 0 - EN COLA
[70299] - 64 - 0 - CREADO
[70642] - 54 - 6 - ASIGNADO_A_VRAM
[71504] - 54 - 6 - FINALIZADO
[71615] - 65 - 0 - EN COLA
[71616] - 65 - 0 - CREADO
[71961] - 55 - 6 - ASIGNADO_A_VRAM
[72824] - 55 - 6 - FINALIZADO
[72933] - 66 - 0 - EN COLA
[72934] - 66 - 0 - CREADO
[73290] - 56 - 6 - ASIGNADO_A_VRAM
[74153] - 56 - 6 - FINALIZADO
[74261] - 67 - 0 - EN COLA
[74263] - 67 - 0 - CREADO
[74607] - 57 - 6 - ASIGNADO_A_VRAM
[75471] - 57 - 6 - FINALIZADO
[75583] - 68 - 0 - EN COLA
[75584] - 68 - 0 - CREADO
[75935] - 58 - 6 - ASIGNADO_A_VRAM
[76807] - 58 - 6 - FINALIZADO
[76915] - 69 - 0 - EN COLA
[76916] - 69 - 0 - CREADO
[77261] - 59 - 6 - ASIGNADO_A_VRAM
[78129] - 59 - 6 - FINALIZADO
[78240] - 70 - 1 - EN COLA
[78241] - 70 - 1 - CREADO
[78588] - 60 - 6 - ASIGNADO_A_VRAM
[79465] - 60 - 6 - FINALIZADO
[79573] - 71 - 1 - EN COLA
[79574] - 71 - 1 - CREADO
[79930] - 61 - 6 - ASIGNADO_A_VRAM
[80793] - 61 - 6 - FINALIZADO
[80902] - 72 - 1 - EN COLA
[80903] - 72 - 1 - CREADO
[81249] - 62 - 6 - ASIGNADO_A_VRAM
[82113] - 62 - 6 - FINALIZADO
[82221] - 73 - 0 - EN COLA
[82222] - 73 - 0 - CREADO
[82565] - 63 - 6 - ASIGNADO_A_VRAM
[83443] - 63 - 6 - FINALIZADO
[83552] - 74 - 0 - EN COLA
[83553] - 74 - 0 - CREADO
[83898] - 64 - 6 - ASIGNADO_A_VRAM
[84761] - 64 - 6 - FINALIZADO
[84869] - 75 - 0 - EN COLA
[84871] - 75 - 0 - CREADO
[85216] - 65 - 6 - ASIGNADO_A_VRAM
[86082] - 65 - 6 - FINALIZADO
[86191] - 76 - 0 - EN COLA
[86192] - 76 - 0 - CREADO
[86535] - 66 - 6 - ASIGNADO_A_VRAM
[87397] - 66 - 6 - FINALIZADO
[87506] - 77 - 0 - EN COLA
[87507] - 77 - 0 - CREADO
[87856] - 67 - 6 - ASIGNADO_A_VRAM
[88721] - 67 - 6 - FINALIZADO
[88830] - 78 - 0 - EN COLA
[88831] - 78 - 0 - CREADO
[89173] - 68 - 6 - ASIGNADO_A_VRAM
[90039] - 68 - 6 - FINALIZADO
[90147] - 79 - 1 - EN COLA
[90148] - 79 - 1 - CREADO
[90492] - 69 - 6 - ASIGNADO_A_VRAM
[91359] - 69 - 6 - FINALIZADO
[91484] - 80 - 1 - EN COLA
[91485] - 80 - 1 - CREADO
[91817] - 70 - 6 - ASIGNADO_A_VRAM
[92695] - 70 - 6 - FINALIZADO
[92804] - 81 - 1 - EN COLA
[92805] - 81 - 1 - CREADO
[93148] - 71 - 6 - ASIGNADO_A_VRAM
[94007] - 71 - 6 - FINALIZADO
[94115] - 82 - 0 - EN COLA
[94116] - 82 - 0 - CREADO
[94463] - 72 - 6 - ASIGNADO_A_VRAM
[95327] - 72 - 6 - FINALIZADO
[95437] - 83 - 0 - EN COLA
[95438] - 83 - 0 - CREADO
[95783] - 73 - 6 - ASIGNADO_A_VRAM
[96645] - 73 - 6 - FINALIZADO
[96754] - 84 - 0 - EN COLA
[96755] - 84 - 0 - CREADO
[97097] - 74 - 6 - ASIGNADO_A_VRAM
[97962] - 74 - 6 - FINALIZADO
[98070] - 85 - 0 - EN COLA
[98071] - 85 - 0 - CREADO
[98417] - 75 - 6 - ASIGNADO_A_VRAM
[99278] - 75 - 6 - FINALIZADO
[99388] - 86 - 0 - EN COLA
[99389] - 86 - 0 - CREADO
[99736] - 76 - 6 - ASIGNADO_A_VRAM
[100612] - 76 - 6 - FINALIZADO
[100720] - 87 - 0 - EN COLA
[100721] - 87 - 0 - CREADO
[101065] - 77 - 6 - ASIGNADO_A_VRAM
[101933] - 77 - 6 - FINALIZADO
[102041] - 88 - 1 - EN COLA
[102042] - 88 - 1 - CREADO
[102386] - 78 - 6 - ASIGNADO_A_VRAM
[103249] - 78 - 6 - FINALIZADO
[103359] - 89 - 1 - EN COLA
[103360] - 89 - 1 - CREADO
[103711] - 79 - 6 - ASIGNADO_A_VRAM
[104579] - 79 - 6 - FINALIZADO
[104703] - 90 - 1 - EN COLA
[104704] - 90 - 1 - CREADO
[105036] - 80 - 6 - ASIGNADO_A_VRAM
[105903] - 80 - 6 - FINALIZADO
[106014] - 91 - 1 - EN COLA
[106015] - 91 - 1 - CREADO
[106360] - 81 - 6 - ASIGNADO_A_VRAM
[107231] - 81 - 6 - FINALIZADO
[107342] - 92 - 1 - EN COLA
[107343] - 92 - 1 - CREADO
[107687] - 82 - 6 - ASIGNADO_A_VRAM
[108562] - 82 - 6 - FINALIZADO
[108687] - 93 - 1 - EN COLA
[108688] - 93 - 1 - CREADO
[109028] - 83 - 6 - ASIGNADO_A_VRAM
[109894] - 83 - 6 - FINALIZADO
[110003] - 94 - 0 - EN COLA
[110005] - 94 - 0 - CREADO
[110354] - 84 - 6 - ASIGNADO_A_VRAM
[111208] - 84 - 6 - FINALIZADO
[111316] - 95 - 0 - EN COLA
[111317] - 95 - 0 - CREADO
[111664] - 85 - 6 - ASIGNADO_A_VRAM
[112528] - 85 - 6 - FINALIZADO
[112640] - 96 - 0 - EN COLA
[112641] - 96 - 0 - CREADO
[112986] - 86 - 6 - ASIGNADO_A_VRAM
[113851] - 86 - 6 - FINALIZADO
[113959] - 97 - 1 - EN COLA
[113960] - 97 - 1 - CREADO
[114306] - 87 - 6 - ASIGNADO_A_VRAM
[115169] - 87 - 6 - FINALIZADO
[115279] - 98 - 1 - EN COLA
[115280] - 98 - 1 - CREADO
[115631] - 88 - 6 - ASIGNADO_A_VRAM
[116495] - 88 - 6 - FINALIZADO
[116607] - 99 - 1 - EN COLA
[116608] - 99 - 1 - CREADO
[116959] - 89 - 6 - ASIGNADO_A_VRAM
[117824] - 89 - 6 - FINALIZADO
[117935] - 100 - 0 - EN COLA
[117936] - 100 - 0 - CREADO
[118279] - 90 - 6 - ASIGNADO_A_VRAM
[119141] - 90 - 6 - FINALIZADO
[119266] - 101 - 0 - EN COLA
[119267] - 101 - 0 - CREADO
[119595] - 91 - 6 - ASIGNADO_A_VRAM
[120457] - 91 - 6 - FINALIZADO
[120565] - 102 - 0 - EN COLA
[120566] - 102 - 0 - CREADO
[120923] - 92 - 6 - ASIGNADO_A_VRAM
[121784] - 92 - 6 - FINALIZADO
[121892] - 103 - 1 - EN COLA
[121893] - 103 - 1 - CREADO
[122249] - 93 - 6 - ASIGNADO_A_VRAM
[123119] - 93 - 6 - FINALIZADO
[123228] - 104 - 1 - EN COLA
[123230] - 104 - 1 - CREADO
[123574] - 94 - 6 - ASIGNADO_A_VRAM
[124428] - 94 - 6 - FINALIZADO
[124537] - 105 - 1 - EN COLA
[124538] - 105 - 1 - CREADO
[124879] - 95 - 6 - ASIGNADO_A_VRAM
[125737] - 95 - 6 - FINALIZADO
[125845] - 106 - 0 - EN COLA
[125846] - 106 - 0 - CREADO
[126192] - 96 - 6 - ASIGNADO_A_VRAM
[127060] - 96 - 6 - FINALIZADO
[127168] - 107 - 0 - EN COLA
[127169] - 107 - 0 - CREADO
[127519] - 97 - 6 - ASIGNADO_A_VRAM
[128384] - 97 - 6 - FINALIZADO
[128494] - 108 - 0 - EN COLA
[128495] - 108 - 0 - CREADO
[128838] - 98 - 6 - ASIGNADO_A_VRAM
[129697] - 98 - 6 - FINALIZADO
[129806] - 109 - 1 - EN COLA
[129807] - 109 - 1 - CREADO
[130149] - 99 - 6 - ASIGNADO_A_VRAM
[131016] - 99 - 6 - FINALIZADO
[131140] - 110 - 1 - EN COLA
[131141] - 110 - 1 - CREADO
[131480] - 100 - 6 - ASIGNADO_A_VRAM
[132352] - 100 - 6 - FINALIZADO
[132464] - 111 - 1 - EN COLA
[132464] - 111 - 1 - CREADO
[132817] - 101 - 6 - ASIGNADO_A_VRAM
[133686] - 101 - 6 - FINALIZADO
[133795] - 112 - 1 - EN COLA
[133796] - 112 - 1 - CREADO
[134139] - 102 - 6 - ASIGNADO_A_VRAM
[135004] - 102 - 6 - FINALIZADO
[135113] - 113 - 1 - EN COLA
[135113] - 113 - 1 - CREADO
[135455] - 103 - 6 - ASIGNADO_A_VRAM
[136338] - 103 - 6 - FINALIZADO
[136448] - 114 - 1 - EN COLA
[136449] - 114 - 1 - CREADO
[136790] - 104 - 6 - ASIGNADO_A_VRAM
[137655] - 104 - 6 - FINALIZADO
[137764] - 115 - 1 - EN COLA
[137766] - 115 - 1 - CREADO
[138120] - 105 - 6 - ASIGNADO_A_VRAM
[138991] - 105 - 6 - FINALIZADO
[139103] - 116 - 1 - EN COLA
[139104] - 116 - 1 - CREADO
[139445] - 106 - 6 - ASIGNADO_A_VRAM
[140307] - 106 - 6 - FINALIZADO
[140416] - 117 - 1 - EN COLA
[140417] - 117 - 1 - CREADO
[140772] - 107 - 6 - ASIGNADO_A_VRAM
[141650] - 107 - 6 - FINALIZADO
[141757] - 118 - 0 - EN COLA
[141758] - 118 - 0 - CREADO
[142112] - 108 - 6 - ASIGNADO_A_VRAM
[142986] - 108 - 6 - FINALIZADO
[143108] - 119 - 0 - EN COLA
[143109] - 119 - 0 - CREADO
[143450] - 109 - 6 - ASIGNADO_A_VRAM
[144320] - 109 - 6 - FINALIZADO
[144429] - 120 - 0 - EN COLA
[144430] - 120 - 0 - CREADO
[144774] - 110 - 6 - ASIGNADO_A_VRAM
[145647] - 110 - 6 - FINALIZADO
[145758] - 121 - 1 - EN COLA
[145759] - 121 - 1 - CREADO
[146112] - 111 - 6 - ASIGNADO_A_VRAM
[146993] - 111 - 6 - FINALIZADO
[147101] - 122 - 1 - EN COLA
[147102] - 122 - 1 - CREADO
[147457] - 112 - 6 - ASIGNADO_A_VRAM
[148314] - 112 - 6 - FINALIZADO
[148424] - 123 - 1 - EN COLA
[148425] - 123 - 1 - CREADO
[148768] - 113 - 6 - ASIGNADO_A_VRAM
[149630] - 113 - 6 - FINALIZADO
[113] - 3 - 1 - EN COLA
[114] - 3 - 1 - CREADO
[115] - 2 - 1 - EN COLA
[116] - 2 - 1 - CREADO
[116] - 1 - 1 - EN COLA
[117] - 1 - 1 - CREADO
[221] - 4 - 1 - EN COLA
[223] - 4 - 1 - CREADO
[223] - 6 - 1 - EN COLA
[224] - 6 - 1 - CREADO
[224] - 5 - 1 - EN COLA
[225] - 5 - 1 - CREADO
[332] - 7 - 0 - EN COLA
[333] - 7 - 0 - CREADO
[334] - 9 - 0 - EN COLA
[335] - 9 - 0 - CREADO
[335] - 8 - 0 - EN COLA
[336] - 8 - 0 - CREADO
[440] - 10 - 0 - EN COLA
[442] - 10 - 0 - CREADO
[443] - 11 - 0 - EN COLA
[444] - 11 - 0 - CREADO
[579] - 3 - 1 - ASIGNADO_A_VRAM
[1446] - 3 - 1 - FINALIZADO
[1553] - 12 - 0 - EN COLA
[1555] - 12 - 0 - CREADO
[1911] - 2 - 1 - ASIGNADO_A_VRAM
[2782] - 2 - 1 - FINALIZADO
[2890] - 13 - 1 - EN COLA
[2892] - 13 - 1 - CREADO
[3244] - 1 - 1 - ASIGNADO_A_VRAM
[4113] - 1 - 1 - FINALIZADO
[4224] - 14 - 1 - EN COLA
[4225] - 14 - 1 - CREADO
[4578] - 6 - 1 - ASIGNADO_A_VRAM
[5447] - 6 - 1 - FINALIZADO
[5555] - 15 - 1 - EN COLA
[5556] - 15 - 1 - CREADO
[5912] - 13 - 2 - ASIGNADO_A_VRAM
[6782] - 13 - 2 - FINALIZADO
[6905] - 16 - 0 - EN COLA
[6906] - 16 - 0 - CREADO
[7243] - 14 - 2 - ASIGNADO_A_VRAM
[8125] - 14 - 2 - FINALIZADO
[8234] - 17 - 0 - EN COLA
[8235] - 17 - 0 - CREADO
[8577] - 12 - 3 - ASIGNADO_A_VRAM
[9445] - 12 - 3 - FINALIZADO
[9554] - 18 - 0 - EN COLA
[9555] - 18 - 0 - CREADO
[9896] - 5 - 3 - ASIGNADO_A_VRAM
[10765] - 5 - 3 - FINALIZADO
[10873] - 19 - 0 - EN COLA
[10874] - 19 - 0 - CREADO
[11230] - 4 - 4 - ASIGNADO_A_VRAM
[12115] - 4 - 4 - FINALIZADO
[12222] - 20 - 0 - EN COLA
[12224] - 20 - 0 - CREADO
[12580] - 9 - 4 - ASIGNADO_A_VRAM
[13464] - 9 - 4 - FINALIZADO
[13574] - 21 - 0 - EN COLA
[13575] - 21 - 0 - CREADO
[13930] - 8 - 5 - ASIGNADO_A_VRAM
[14785] - 8 - 5 - FINALIZADO
[14909] - 22 - 0 - EN COLA
[14910] - 22 - 0 - CREADO
[15248] - 11 - 5 - ASIGNADO_A_VRAM
[16119] - 11 - 5 - FINALIZADO
[16229] - 23 - 0 - EN COLA
[16230] - 23 - 0 - CREADO
[16584] - 7 - 6 - ASIGNADO_A_VRAM
[17461] - 7 - 6 - FINALIZADO
[17569] - 24 - 0 - EN COLA
[17570] - 24 - 0 - CREADO
[17926] - 10 - 6 - ASIGNADO_A_VRAM
[18797] - 10 - 6 - FINALIZADO
[18906] - 25 - 0 - EN COLA
[18907] - 25 - 0 - CREADO
[19262] - 15 - 6 - ASIGNADO_A_VRAM
[20116] - 15 - 6 - FINALIZADO
[20225] - 26 - 0 - EN COLA
[20226] - 26 - 0 - CREADO
[20572] - 16 - 6 - ASIGNADO_A_VRAM
[21430] - 16 - 6 - FINALIZADO
[21539] - 27 - 0 - EN COLA
[21540] - 27 - 0 - CREADO
[21897] - 17 - 6 - ASIGNADO_A_VRAM
[22775] - 17 - 6 - FINALIZADO
[22885] - 28 - 0 - EN COLA
[22886] - 28 - 0 - CREADO
[23240] - 18 - 6 - ASIGNADO_A_VRAM
[24110] - 18 - 6 - FINALIZADO
[24218] - 29 - 0 - EN COLA
[24220] - 29 - 0 - CREADO
[24575] - 19 - 6 - ASIGNADO_A_VRAM
[25429] - 19 - 6 - FINALIZADO
[25537] - 30 - 0 - EN COLA
[25538] - 30 - 0 - CREADO
[25893] - 20 - 6 - ASIGNADO_A_VRAM
[26770] - 20 - 6 - FINALIZADO
[26878] - 31 - 1 - EN COLA
[26879] - 31 - 1 - CREADO
[27237] - 21 - 6 - ASIGNADO_A_VRAM
[28118] - 21 - 6 - FINALIZADO
[28228] - 32 - 1 - EN COLA
[28229] - 32 - 1 - CREADO
[28582] - 22 - 6 - ASIGNADO_A_VRAM
[29463] - 22 - 6 - FINALIZADO
[29572] - 33 - 1 - EN COLA
[29573] - 33 - 1 - CREADO
[29918] - 23 - 6 - ASIGNADO_A_VRAM
[30785] - 23 - 6 - FINALIZADO
[30908] - 34 - 1 - EN COLA
[30910] - 34 - 1 - CREADO
[31251] - 24 - 6 - ASIGNADO_A_VRAM
[32114] - 24 - 6 - FINALIZADO
[32222] - 35 - 1 - EN COLA
[32223] - 35 - 1 - CREADO
[32578] - 25 - 6 - ASIGNADO_A_VRAM
[33459] - 25 - 6 - FINALIZADO
[33566] - 36 - 1 - EN COLA
[33567] - 36 - 1 - CREADO
[33923] - 26 - 6 - ASIGNADO_A_VRAM
[34789] - 26 - 6 - FINALIZADO
[34895] - 37 - 1 - EN COLA
[34896] - 37 - 1 - CREADO
[35253] - 27 - 6 - ASIGNADO_A_VRAM
[36124] - 27 - 6 - FINALIZADO
[36233] - 38 - 1 - EN COLA
[36234] - 38 - 1 - CREADO
[36590] - 28 - 6 - ASIGNADO_A_VRAM
[37457] - 28 - 6 - FINALIZADO
[37565] - 39 - 1 - EN COLA
[37566] - 39 - 1 - CREADO
[37923] - 29 - 6 - ASIGNADO_A_VRAM
[38785] - 29 - 6 - FINALIZADO
[38908] - 40 - 1 - EN COLA
[38910] - 40 - 1 - CREADO
[39247] - 30 - 6 - ASIGNADO_A_VRAM
[40112] - 30 - 6 - FINALIZADO
[40236] - 41 - 1 - EN COLA
[40237] - 41 - 1 - CREADO
[40576] - 31 - 6 - ASIGNADO_A_VRAM
[41445] - 31 - 6 - FINALIZADO
[41552] - 42 - 1 - EN COLA
[41553] - 42 - 1 - CREADO
[41909] - 32 - 6 - ASIGNADO_A_VRAM
[42791] - 32 - 6 - FINALIZADO
[42900] - 43 - 1 - EN COLA
[42902] - 43 - 1 - CREADO
[43257] - 33 - 6 - ASIGNADO_A_VRAM
[44137] - 33 - 6 - FINALIZADO
[44246] - 44 - 1 - EN COLA
[44248] - 44 - 1 - CREADO
[44602] - 34 - 6 - ASIGNADO_A_VRAM
[45482] - 34 - 6 - FINALIZADO
[45591] - 45 - 1 - EN COLA
[45594] - 45 - 1 - CREADO
[45937] - 35 - 6 - ASIGNADO_A_VRAM
[46791] - 35 - 6 - FINALIZADO
[46900] - 46 - 1 - EN COLA
[46901] - 46 - 1 - CREADO
[47257] - 36 - 6 - ASIGNADO_A_VRAM
[48139] - 36 - 6 - FINALIZADO
[48248] - 47 - 1 - EN COLA
[48250] - 47 - 1 - CREADO
[48605] - 37 - 6 - ASIGNADO_A_VRAM
[49473] - 37 - 6 - FINALIZADO
[49582] - 48 - 1 - EN COLA
[49584] - 48 - 1 - CREADO
[49939] - 38 - 6 - ASIGNADO_A_VRAM
[50807] - 38 - 6 - FINALIZADO
[50916] - 49 - 1 - EN COLA
[50917] - 49 - 1 - CREADO
[51258] - 39 - 6 - ASIGNADO_A_VRAM
[52140] - 39 - 6 - FINALIZADO
[52249] - 50 - 1 - EN COLA
[52250] - 50 - 1 - CREADO
[52603] - 40 - 6 - ASIGNADO_A_VRAM
[53458] - 40 - 6 - FINALIZADO
[53566] - 51 - 1 - EN COLA
[53568] - 51 - 1 - CREADO
[53910] - 41 - 6 - ASIGNADO_A_VRAM
[54783] - 41 - 6 - FINALIZADO
[54911] - 52 - 0 - EN COLA
[54913] - 52 - 0 - CREADO
[55238] - 42 - 6 - ASIGNADO_A_VRAM
[56101] - 42 - 6 - FINALIZADO
[56210] - 53 - 0 - EN COLA
[56212] - 53 - 0 - CREADO
[56551] - 43 - 6 - ASIGNADO_A_VRAM
[57411] - 43 - 6 - FINALIZADO
[57519] - 54 - 0 - EN COLA
[57520] - 54 - 0 - CREADO
[57863] - 44 - 6 - ASIGNADO_A_VRAM
[58733] - 44 - 6 - FINALIZADO
[58844] - 55 - 1 - EN COLA
[58845] - 55 - 1 - CREADO
[59191] - 45 - 6 - ASIGNADO_A_VRAM
[60058] - 45 - 6 - FINALIZADO
[60168] - 56 - 1 - EN COLA
[60169] - 56 - 1 - CREADO
[60512] - 46 - 6 - ASIGNADO_A_VRAM
[61390] - 46 - 6 - FINALIZADO
[61500] - 57 - 1 - EN COLA
[61501] - 57 - 1 - CREADO
[61854] - 47 - 6 - ASIGNADO_A_VRAM
[62708] - 47 - 6 - FINALIZADO
[62818] - 58 - 0 - EN COLA
[62819] - 58 - 0 - CREADO
[63162] - 48 - 6 - ASIGNADO_A_VRAM
[64025] - 48 - 6 - FINALIZADO
[64135] - 59 - 0 - EN COLA
[64136] - 59 - 0 - CREADO
[64477] - 49 - 6 - ASIGNADO_A_VRAM
[65338] - 49 - 6 - FINALIZADO
[65447] - 60 - 0 - EN COLA
[65448] - 60 - 0 - CREADO
[65803] - 50 - 6 - ASIGNADO_A_VRAM
[66674] - 50 - 6 - FINALIZADO
[66784] - 61 - 1 - EN COLA
[66784] - 61 - 1 - CREADO
[67140] - 51 - 6 - ASIGNADO_A_VRAM
[68004] - 51 - 6 - FINALIZADO
[68114] - 62 - 1 - EN COLA
[68115] - 62 - 1 - CREADO
[68456] - 52 - 6 - ASIGNADO_A_VRAM
[69343] - 52 - 6 - FINALIZADO
[69452] - 63 - 1 - EN COLA
[69453] - 63 - 1 - CREADO
[69797] - 53 - 6 - ASIGNADO_A_VRAM
[70667] - 53 - 6 - FINALIZADO
[70778] - 64 - 0 - EN COLA
[70780] - 64 - 0 - CREADO
[71122] - 54 - 6 - ASIGNADO_A_VRAM
[71995] - 54 - 6 - FINALIZADO
[72105] - 65 - 0 - EN COLA
[72107] - 65 - 0 - CREADO
[72461] - 55 - 6 - ASIGNADO_A_VRAM
[73330] - 55 - 6 - FINALIZADO
[73453] - 66 - 0 - EN COLA
[73454] - 66 - 0 - CREADO
[73793] - 56 - 6 - ASIGNADO_A_VRAM
[74649] - 56 - 6 - FINALIZADO
[74758] - 67 - 0 - EN COLA
[74759] - 67 - 0 - CREADO
[75115] - 57 - 6 - ASIGNADO_A_VRAM
[75987] - 57 - 6 - FINALIZADO
[76112] - 68 - 0 - EN COLA
[76113] - 68 - 0 - CREADO
[76454] - 58 - 6 - ASIGNADO_A_VRAM
[77308] - 58 - 6 - FINALIZADO
[77415] - 69 - 0 - EN COLA
[77416] - 69 - 0 - CREADO
[77760] - 59 - 6 - ASIGNADO_A_VRAM
[78634] - 59 - 6 - FINALIZADO
[78743] - 70 - 1 - EN COLA
[78744] - 70 - 1 - CREADO
[79100] - 60 - 6 - ASIGNADO_A_VRAM
[79957] - 60 - 6 - FINALIZADO
[80067] - 71 - 1 - EN COLA
[80068] - 71 - 1 - CREADO
[80409] - 61 - 6 - ASIGNADO_A_VRAM
[81296] - 61 - 6 - FINALIZADO
[81406] - 72 - 1 - EN COLA
[81408] - 72 - 1 - CREADO
[81747] - 62 - 6 - ASIGNADO_A_VRAM
[82620] - 62 - 6 - FINALIZADO
[82728] - 73 - 0 - EN COLA
[82729] - 73 - 0 - CREADO
[83072] - 63 - 6 - ASIGNADO_A_VRAM
[83935] - 63 - 6 - FINALIZADO
[84041] - 74 - 0 - EN COLA
[84042] - 74 - 0 - CREADO
[84400] - 64 - 6 - ASIGNADO_A_VRAM
[85272] - 64 - 6 - FINALIZADO
[85379] - 75 - 0 - EN COLA
[85381] - 75 - 0 - CREADO
[85737] - 65 - 6 - ASIGNADO_A_VRAM
[86607] - 65 - 6 - FINALIZADO
[86716] - 76 - 0 - EN COLA
[86717] - 76 - 0 - CREADO
[87072] - 66 - 6 - ASIGNADO_A_VRAM
[87937] - 66 - 6 - FINALIZADO
[88046] - 77 - 0 - EN COLA
[88047] - 77 - 0 - CREADO
[88389] - 67 - 6 - ASIGNADO_A_VRAM
[89268] - 67 - 6 - FINALIZADO
[89392] - 78 - 0 - EN COLA
[89393] - 78 - 0 - CREADO
[89736] - 68 - 6 - ASIGNADO_A_VRAM
[90604] - 68 - 6 - FINALIZADO
[90711] - 79 - 1 - EN COLA
[90713] - 79 - 1 - CREADO
[91069] - 69 - 6 - ASIGNADO_A_VRAM
[91941] - 69 - 6 - FINALIZADO
[92065] - 80 - 1 - EN COLA
[92066] - 80 - 1 - CREADO
[92396] - 70 - 6 - ASIGNADO_A_VRAM
[93281] - 70 - 6 - FINALIZADO
[93389] - 81 - 1 - EN COLA
[93391] - 81 - 1 - CREADO
[93733] - 71 - 6 - ASIGNADO_A_VRAM
[94605] - 71 - 6 - FINALIZADO
[94714] - 82 - 0 - EN COLA
[94715] - 82 - 0 - CREADO
[95069] - 72 - 6 - ASIGNADO_A_VRAM
[95938] - 72 - 6 - FINALIZADO
[96046] - 83 - 0 - EN COLA
[96047] - 83 - 0 - CREADO
[96403] - 73 - 6 - ASIGNADO_A_VRAM
[97264] - 73 - 6 - FINALIZADO
[97372] - 84 - 0 - EN COLA
[97373] - 84 - 0 - CREADO
[97728] - 74 - 6 - ASIGNADO_A_VRAM
[98592] - 74 - 6 - FINALIZADO
[98699] - 85 - 0 - EN COLA
[98700] - 85 - 0 - CREADO
[99055] - 75 - 6 - ASIGNADO_A_VRAM
[99934] - 75 - 6 - FINALIZADO
[100044] - 86 - 0 - EN COLA
[100045] - 86 - 0 - CREADO
[100386] - 76 - 6 - ASIGNADO_A_VRAM
[101247] - 76 - 6 - FINALIZADO
[101354] - 87 - 0 - EN COLA
[101355] - 87 - 0 - CREADO
[101709] - 77 - 6 - ASIGNADO_A_VRAM
[102588] - 77 - 6 - FINALIZADO
[102699] - 88 - 1 - EN COLA
[102700] - 88 - 1 - CREADO
[103040] - 78 - 6 - ASIGNADO_A_VRAM
[103900] - 78 - 6 - FINALIZADO
[104007] - 89 - 1 - EN COLA
[104009] - 89 - 1 - CREADO
[104364] - 79 - 6 - ASIGNADO_A_VRAM
[105240] - 79 - 6 - FINALIZADO
[105348] - 90 - 1 - EN COLA
[105349] - 90 - 1 - CREADO
[105693] - 80 - 6 - ASIGNADO_A_VRAM
[106561] - 80 - 6 - FINALIZADO
[106669] - 91 - 1 - EN COLA
[106670] - 91 - 1 - CREADO
[107022] - 81 - 6 - ASIGNADO_A_VRAM
[107894] - 81 - 6 - FINALIZADO
[108018] - 92 - 1 - EN COLA
[108019] - 92 - 1 - CREADO
[108360] - 82 - 6 - ASIGNADO_A_VRAM
[109217] - 82 - 6 - FINALIZADO
[109328] - 93 - 1 - EN COLA
[109329] - 93 - 1 - CREADO
[109669] - 83 - 6 - ASIGNADO_A_VRAM
[110527] - 83 - 6 - FINALIZADO
[110634] - 94 - 0 - EN COLA
[110635] - 94 - 0 - CREADO
[110993] - 84 - 6 - ASIGNADO_A_VRAM
[111876] - 84 - 6 - FINALIZADO
[111999] - 95 - 0 - EN COLA
[112000] - 95 - 0 - CREADO
[112339] - 85 - 6 - ASIGNADO_A_VRAM
[113206] - 85 - 6 - FINALIZADO
[113330] - 96 - 0 - EN COLA
[113331] - 96 - 0 - CREADO
[113671] - 86 - 6 - ASIGNADO_A_VRAM
[114544] - 86 - 6 - FINALIZADO
[114653] - 97 - 1 - EN COLA
[114654] - 97 - 1 - CREADO
[114997] - 87 - 6 - ASIGNADO_A_VRAM
[115861] - 87 - 6 - FINALIZADO
[115971] - 98 - 1 - EN COLA
[115972] - 98 - 1 - CREADO
[116315] - 88 - 6 - ASIGNADO_A_VRAM
[117199] - 88 - 6 - FINALIZADO
[117307] - 99 - 1 - EN COLA
[117308] - 99 - 1 - CREADO
[117664] - 89 - 6 - ASIGNADO_A_VRAM
[118534] - 89 - 6 - FINALIZADO
[118657] - 100 - 0 - EN COLA
[118658] - 100 - 0 - CREADO
[118999] - 90 - 6 - ASIGNADO_A_VRAM
[119856] - 90 - 6 - FINALIZADO
[119965] - 101 - 0 - EN COLA
[119966] - 101 - 0 - CREADO
[120322] - 91 - 6 - ASIGNADO_A_VRAM
[121184] - 91 - 6 - FINALIZADO
[121292] - 102 - 0 - EN COLA
[121294] - 102 - 0 - CREADO
[121650] - 92 - 6 - ASIGNADO_A_VRAM
[122524] - 92 - 6 - FINALIZADO
[122634] - 103 - 1 - EN COLA
[122635] - 103 - 1 - CREADO
[122976] - 93 - 6 - ASIGNADO_A_VRAM
[123850] - 93 - 6 - FINALIZADO
[123958] - 104 - 1 - EN COLA
[123959] - 104 - 1 - CREADO
[124304] - 94 - 6 - ASIGNADO_A_VRAM
[125178] - 94 - 6 - FINALIZADO
[125285] - 105 - 1 - EN COLA
[125286] - 105 - 1 - CREADO
[125632] - 95 - 6 - ASIGNADO_A_VRAM
[126517] - 95 - 6 - FINALIZADO
[126641] - 106 - 0 - EN COLA
[126642] - 106 - 0 - CREADO
[126982] - 96 - 6 - ASIGNADO_A_VRAM
[127848] - 96 - 6 - FINALIZADO
[127956] - 107 - 0 - EN COLA
[127957] - 107 - 0 - CREADO
[128314] - 97 - 6 - ASIGNADO_A_VRAM
[129188] - 97 - 6 - FINALIZADO
[129296] - 108 - 0 - EN COLA
[129297] - 108 - 0 - CREADO
[129639] - 98 - 6 - ASIGNADO_A_VRAM
[130514] - 98 - 6 - FINALIZADO
[130623] - 109 - 1 - EN COLA
[130624] - 109 - 1 - CREADO
[130978] - 99 - 6 - ASIGNADO_A_VRAM
[131855] - 99 - 6 - FINALIZADO
[131963] - 110 - 1 - EN COLA
[131964] - 110 - 1 - CREADO
[132321] - 100 - 6 - ASIGNADO_A_VRAM
[133195] - 100 - 6 - FINALIZADO
[133303] - 111 - 1 - EN COLA
[133304] - 111 - 1 - CREADO
[133646] - 101 - 6 - ASIGNADO_A_VRAM
[134533] - 101 - 6 - FINALIZADO
[134658] - 112 - 1 - EN COLA
[134659] - 112 - 1 - CREADO
[135000] - 102 - 6 - ASIGNADO_A_VRAM
[135856] - 102 - 6 - FINALIZADO
[135965] - 113 - 1 - EN COLA
[135966] - 113 - 1 - CREADO
[136307] - 103 - 6 - ASIGNADO_A_VRAM
[137168] - 103 - 6 - FINALIZADO
[137277] - 114 - 1 - EN COLA
[137278] - 114 - 1 - CREADO
[137619] - 104 - 6 - ASIGNADO_A_VRAM
[138481] - 104 - 6 - FINALIZADO
[138592] - 115 - 1 - EN COLA
[138593] - 115 - 1 - CREADO
[138935] - 105 - 6 - ASIGNADO_A_VRAM
[139802] - 105 - 6 - FINALIZADO
[139911] - 116 - 1 - EN COLA
[139912] - 116 - 1 - CREADO
[140253] - 106 - 6 - ASIGNADO_A_VRAM
[141114] - 106 - 6 - FINALIZADO
[141222] - 117 - 1 - EN COLA
[141224] - 117 - 1 - CREADO
[141568] - 107 - 6 - ASIGNADO_A_VRAM
[142431] - 107 - 6 - FINALIZADO
[142539] - 118 - 0 - EN COLA
[142540] - 118 - 0 - CREADO
[142898] - 108 - 6 - ASIGNADO_A_VRAM
[143759] - 108 - 6 - FINALIZADO
[143867] - 119 - 0 - EN COLA
[143868] - 119 - 0 - CREADO
[144211] - 109 - 6 - ASIGNADO_A_VRAM
[145085] - 109 - 6 - FINALIZADO
[145194] - 120 - 0 - EN COLA
[145195] - 120 - 0 - CREADO
[145540] - 110 - 6 - ASIGNADO_A_VRAM
[146413] - 110 - 6 - FINALIZADO
[146522] - 121 - 1 - EN COLA
[146523] - 121 - 1 - CREADO
[146867] - 111 - 6 - ASIGNADO_A_VRAM
[147738] - 111 - 6 - FINALIZADO
[147860] - 122 - 1 - EN COLA
[147861] - 122 - 1 - CREADO
[148193] - 112 - 6 - ASIGNADO_A_VRAM
[149076] - 112 - 6 - FINALIZADO
[149185] - 123 - 1 - EN COLA
[149185] - 123 - 1 - CREADO
[149542] - 113 - 6 - ASIGNADO_A_VRAM
[150396] - 113 - 6 - FINALIZADO
[150504] - 124 - 1 - EN COLA
[150505] - 124 - 1 - CREADO
[150862] - 114 - 6 - ASIGNADO_A_VRAM
[151745] - 114 - 6 - FINALIZADO
[151855] - 125 - 1 - EN COLA
[151856] - 125 - 1 - CREADO
[152199] - 115 - 6 - ASIGNADO_A_VRAM
[153071] - 115 - 6 - FINALIZADO
[153179] - 126 - 1 - EN COLA
[153181] - 126 - 1 - CREADO
[153522] - 116 - 6 - ASIGNADO_A_VRAM
[154384] - 116 - 6 - FINALIZADO
[154492] - 127 - 0 - EN COLA
[154493] - 127 - 0 - CREADO
[154850] - 117 - 6 - ASIGNADO_A_VRAM
[155732] - 117 - 6 - FINALIZADO
[155841] - 128 - 0 - EN COLA
[155842] - 128 - 0 - CREADO
[156196] - 118 - 6 - ASIGNADO_A_VRAM
[157053] - 118 - 6 - FINALIZADO
[157161] - 129 - 0 - EN COLA
[157163] - 129 - 0 - CREADO
[157504] - 119 - 6 - ASIGNADO_A_VRAM
[158391] - 119 - 6 - FINALIZADO
[158500] - 130 - 1 - EN COLA
[158501] - 130 - 1 - CREADO
[158856] - 120 - 6 - ASIGNADO_A_VRAM
[159719] - 120 - 6 - FINALIZADO
[159827] - 131 - 1 - EN COLA
[159828] - 131 - 1 - CREADO
[160185] - 121 - 6 - ASIGNADO_A_VRAM
[161059] - 121 - 6 - FINALIZADO
[161169] - 132 - 1 - EN COLA
[161170] - 132 - 1 - CREADO
[161511] - 122 - 6 - ASIGNADO_A_VRAM
[162374] - 122 - 6 - FINALIZADO
[162482] - 133 - 1 - EN COLA
[162483] - 133 - 1 - CREADO
[162838] - 123 - 6 - ASIGNADO_A_VRAM
[163705] - 123 - 6 - FINALIZADO
[163813] - 134 - 1 - EN COLA
[163814] - 134 - 1 - CREADO
[164158] - 124 - 6 - ASIGNADO_A_VRAM
[165031] - 124 - 6 - FINALIZADO
[165140] - 135 - 1 - EN COLA
[165142] - 135 - 1 - CREADO
[165486] - 125 - 6 - ASIGNADO_A_VRAM
[166360] - 125 - 6 - FINALIZADO
[166468] - 136 - 0 - EN COLA
[166469] - 136 - 0 - CREADO
[166812] - 126 - 6 - ASIGNADO_A_VRAM
[167684] - 126 - 6 - FINALIZADO
[167792] - 137 - 0 - EN COLA
[167793] - 137 - 0 - CREADO
[168137] - 127 - 6 - ASIGNADO_A_VRAM
[168995] - 127 - 6 - FINALIZADO
[169103] - 138 - 0 - EN COLA
[169104] - 138 - 0 - CREADO
[169450] - 128 - 6 - ASIGNADO_A_VRAM
[170321] - 128 - 6 - FINALIZADO
[170432] - 139 - 1 - EN COLA
[170433] - 139 - 1 - CREADO
[170776] - 129 - 6 - ASIGNADO_A_VRAM
[171636] - 129 - 6 - FINALIZADO
[171745] - 140 - 1 - EN COLA
[171746] - 140 - 1 - CREADO
[172100] - 130 - 6 - ASIGNADO_A_VRAM
[172983] - 130 - 6 - FINALIZADO
[173092] - 141 - 1 - EN COLA
[173094] - 141 - 1 - CREADO
[173434] - 131 - 6 - ASIGNADO_A_VRAM
[174300] - 131 - 6 - FINALIZADO
[174422] - 142 - 1 - EN COLA
[174423] - 142 - 1 - CREADO
[174763] - 132 - 6 - ASIGNADO_A_VRAM
[175631] - 132 - 6 - FINALIZADO
[175739] - 143 - 1 - EN COLA
[175740] - 143 - 1 - CREADO
[176095] - 133 - 6 - ASIGNADO_A_VRAM
[176962] - 133 - 6 - FINALIZADO
[177070] - 144 - 1 - EN COLA
[177072] - 144 - 1 - CREADO
[177426] - 134 - 6 - ASIGNADO_A_VRAM
[178305] - 134 - 6 - FINALIZADO
[178413] - 145 - 1 - EN COLA
[178415] - 145 - 1 - CREADO
[178768] - 135 - 6 - ASIGNADO_A_VRAM
[179654] - 135 - 6 - FINALIZADO
[179763] - 146 - 1 - EN COLA
[179764] - 146 - 1 - CREADO
[180116] - 136 - 6 - ASIGNADO_A_VRAM
[180999] - 136 - 6 - FINALIZADO
[181106] - 147 - 1 - EN COLA
[181107] - 147 - 1 - CREADO
[181462] - 137 - 6 - ASIGNADO_A_VRAM
[182331] - 137 - 6 - FINALIZADO
[182455] - 148 - 0 - EN COLA
[182455] - 148 - 0 - CREADO
[182791] - 138 - 6 - ASIGNADO_A_VRAM
[183663] - 138 - 6 - FINALIZADO
[183773] - 149 - 0 - EN COLA
[183774] - 149 - 0 - CREADO
[184114] - 139 - 6 - ASIGNADO_A_VRAM
[184988] - 139 - 6 - FINALIZADO
[185111] - 150 - 0 - EN COLA
[185112] - 150 - 0 - CREADO
[185453] - 140 - 6 - ASIGNADO_A_VRAM
[186321] - 140 - 6 - FINALIZADO
[186429] - 151 - 1 - EN COLA
[186430] - 151 - 1 - CREADO
[186786] - 141 - 6 - ASIGNADO_A_VRAM
[187669] - 141 - 6 - FINALIZADO
[187778] - 152 - 1 - EN COLA
[187779] - 152 - 1 - CREADO
[188135] - 142 - 6 - ASIGNADO_A_VRAM
[189006] - 142 - 6 - FINALIZADO
[189115] - 153 - 1 - EN COLA
[189117] - 153 - 1 - CREADO
[189470] - 143 - 6 - ASIGNADO_A_VRAM
[190346] - 143 - 6 - FINALIZADO
[190470] - 154 - 0 - EN COLA
[190472] - 154 - 0 - CREADO
[190811] - 144 - 6 - ASIGNADO_A_VRAM
[191676] - 144 - 6 - FINALIZADO
[191785] - 155 - 0 - EN COLA
[191786] - 155 - 0 - CREADO
[192128] - 145 - 6 - ASIGNADO_A_VRAM
[193010] - 145 - 6 - FINALIZADO
[193121] - 156 - 0 - EN COLA
[193122] - 156 - 0 - CREADO
[193476] - 146 - 6 - ASIGNADO_A_VRAM
[194361] - 146 - 6 - FINALIZADO
[194469] - 157 - 0 - EN COLA
[194470] - 157 - 0 - CREADO
[194812] - 147 - 6 - ASIGNADO_A_VRAM
[195683] - 147 - 6 - FINALIZADO
[195792] - 158 - 0 - EN COLA
[195793] - 158 - 0 - CREADO
[196144] - 148 - 6 - ASIGNADO_A_VRAM
[197027] - 148 - 6 - FINALIZADO
[197136] - 159 - 0 - EN COLA
[197137] - 159 - 0 - CREADO
[197491] - 149 - 6 - ASIGNADO_A_VRAM
[198370] - 149 - 6 - FINALIZADO
[198480] - 160 - 1 - EN COLA
[198481] - 160 - 1 - CREADO
[198836] - 150 - 6 - ASIGNADO_A_VRAM
[199709] - 150 - 6 - FINALIZADO
[199818] - 161 - 1 - EN COLA
[199818] - 161 - 1 - CREADO
[200173] - 151 - 6 - ASIGNADO_A_VRAM
[201055] - 151 - 6 - FINALIZADO
[201162] - 162 - 1 - EN COLA
[201163] - 162 - 1 - CREADO
[201516] - 152 - 6 - ASIGNADO_A_VRAM
[202376] - 152 - 6 - FINALIZADO
[202484] - 163 - 1 - EN COLA
[202485] - 163 - 1 - CREADO
[202842] - 153 - 6 - ASIGNADO_A_VRAM
[203710] - 153 - 6 - FINALIZADO
[203820] - 164 - 1 - EN COLA
[203822] - 164 - 1 - CREADO
[204164] - 154 - 6 - ASIGNADO_A_VRAM
[205020] - 154 - 6 - FINALIZADO
[205129] - 165 - 1 - EN COLA
[205130] - 165 - 1 - CREADO
[205485] - 155 - 6 - ASIGNADO_A_VRAM
[206355] - 155 - 6 - FINALIZADO
[206464] - 166 - 1 - EN COLA
[206466] - 166 - 1 - CREADO
[206821] - 156 - 6 - ASIGNADO_A_VRAM
[207689] - 156 - 6 - FINALIZADO
[207812] - 167 - 1 - EN COLA
[207812] - 167 - 1 - CREADO
[208151] - 157 - 6 - ASIGNADO_A_VRAM
[209022] - 157 - 6 - FINALIZADO
[209130] - 168 - 1 - EN COLA
[209131] - 168 - 1 - CREADO
[209474] - 158 - 6 - ASIGNADO_A_VRAM
[210343] - 158 - 6 - FINALIZADO
[210451] - 169 - 1 - EN COLA
[210453] - 169 - 1 - CREADO
[210794] - 159 - 6 - ASIGNADO_A_VRAM
[211666] - 159 - 6 - FINALIZADO
[211774] - 170 - 1 - EN COLA
[211775] - 170 - 1 - CREADO
[212130] - 160 - 6 - ASIGNADO_A_VRAM
[213015] - 160 - 6 - FINALIZADO
[213122] - 171 - 1 - EN COLA
[213124] - 171 - 1 - CREADO
[213481] - 161 - 6 - ASIGNADO_A_VRAM
[214352] - 161 - 6 - FINALIZADO
[214459] - 172 - 1 - EN COLA
[214460] - 172 - 1 - CREADO
[214817] - 162 - 6 - ASIGNADO_A_VRAM
[215690] - 162 - 6 - FINALIZADO
[215799] - 173 - 1 - EN COLA
[215799] - 173 - 1 - CREADO
[216152] - 163 - 6 - ASIGNADO_A_VRAM
[217010] - 163 - 6 - FINALIZADO
[217118] - 174 - 1 - EN COLA
[217120] - 174 - 1 - CREADO
[217460] - 164 - 6 - ASIGNADO_A_VRAM
[218340] - 164 - 6 - FINALIZADO
[218449] - 175 - 1 - EN COLA
[218450] - 175 - 1 - CREADO
[218804] - 165 - 6 - ASIGNADO_A_VRAM
[219674] - 165 - 6 - FINALIZADO
[219798] - 176 - 1 - EN COLA
[219799] - 176 - 1 - CREADO
[220139] - 166 - 6 - ASIGNADO_A_VRAM
[220998] - 166 - 6 - FINALIZADO
[221106] - 177 - 1 - EN COLA
[221108] - 177 - 1 - CREADO
[221449] - 167 - 6 - ASIGNADO_A_VRAM
[222318] - 167 - 6 - FINALIZADO
[222427] - 178 - 0 - EN COLA
[222428] - 178 - 0 - CREADO
[222782] - 168 - 6 - ASIGNADO_A_VRAM
[223635] - 168 - 6 - FINALIZADO
[223742] - 179 - 0 - EN COLA
[223743] - 179 - 0 - CREADO
[224098] - 169 - 6 - ASIGNADO_A_VRAM
[224980] - 169 - 6 - FINALIZADO
[225088] - 180 - 0 - EN COLA
[225089] - 180 - 0 - CREADO
[225442] - 170 - 6 - ASIGNADO_A_VRAM
[226322] - 170 - 6 - FINALIZADO
[226431] - 181 - 0 - EN COLA
[226432] - 181 - 0 - CREADO
[226787] - 171 - 6 - ASIGNADO_A_VRAM
[227669] - 171 - 6 - FINALIZADO
[227779] - 182 - 0 - EN COLA
[227780] - 182 - 0 - CREADO
[228122] - 172 - 6 - ASIGNADO_A_VRAM
[228989] - 172 - 6 - FINALIZADO
[229100] - 183 - 0 - EN COLA
[229102] - 183 - 0 - CREADO
[229453] - 173 - 6 - ASIGNADO_A_VRAM
[230324] - 173 - 6 - FINALIZADO
[230434] - 184 - 1 - EN COLA
[230435] - 184 - 1 - CREADO
[230788] - 174 - 6 - ASIGNADO_A_VRAM
[231659] - 174 - 6 - FINALIZADO
[231783] - 185 - 1 - EN COLA
[231784] - 185 - 1 - CREADO
[232122] - 175 - 6 - ASIGNADO_A_VRAM
[232990] - 175 - 6 - FINALIZADO
[233099] - 186 - 1 - EN COLA
[233100] - 186 - 1 - CREADO
[233453] - 176 - 6 - ASIGNADO_A_VRAM
[234322] - 176 - 6 - FINALIZADO
[234430] - 187 - 0 - EN COLA
[234432] - 187 - 0 - CREADO
[234788] - 177 - 6 - ASIGNADO_A_VRAM
[235656] - 177 - 6 - FINALIZADO
[235766] - 188 - 0 - EN COLA
[235767] - 188 - 0 - CREADO
[236108] - 178 - 6 - ASIGNADO_A_VRAM
[236981] - 178 - 6 - FINALIZADO
[237089] - 189 - 0 - EN COLA
[237090] - 189 - 0 - CREADO
[237433] - 179 - 6 - ASIGNADO_A_VRAM
[238285] - 179 - 6 - FINALIZADO
[238394] - 190 - 0 - EN COLA
[238395] - 190 - 0 - CREADO
[238737] - 180 - 6 - ASIGNADO_A_VRAM
[239618] - 180 - 6 - FINALIZADO
[239726] - 191 - 0 - EN COLA
[239727] - 191 - 0 - CREADO
[240084] - 181 - 6 - ASIGNADO_A_VRAM
[240969] - 181 - 6 - FINALIZADO
[241076] - 192 - 0 - EN COLA
[241077] - 192 - 0 - CREADO
[241430] - 182 - 6 - ASIGNADO_A_VRAM
[242312] - 182 - 6 - FINALIZADO
[242421] - 193 - 0 - EN COLA
[242422] - 193 - 0 - CREADO
[242777] - 183 - 6 - ASIGNADO_A_VRAM
[243645] - 183 - 6 - FINALIZADO
[243756] - 194 - 0 - EN COLA
[243757] - 194 - 0 - CREADO
[244099] - 184 - 6 - ASIGNADO_A_VRAM
[244969] - 184 - 6 - FINALIZADO
[245078] - 195 - 0 - EN COLA
[245079] - 195 - 0 - CREADO
[245420] - 185 - 6 - ASIGNADO_A_VRAM
[246274] - 185 - 6 - FINALIZADO
[246381] - 196 - 0 - EN COLA
[246382] - 196 - 0 - CREADO
[246737] - 186 - 6 - ASIGNADO_A_VRAM
[247624] - 186 - 6 - FINALIZADO
[247733] - 197 - 0 - EN COLA
[247734] - 197 - 0 - CREADO
[248088] - 187 - 6 - ASIGNADO_A_VRAM
[248955] - 187 - 6 - FINALIZADO
[249063] - 198 - 0 - EN COLA
[249063] - 198 - 0 - CREADO
[249407] - 188 - 6 - ASIGNADO_A_VRAM
[250276] - 188 - 6 - FINALIZADO
[250385] - 199 - 0 - EN COLA
[250386] - 199 - 0 - CREADO
[250739] - 189 - 6 - ASIGNADO_A_VRAM
[251621] - 189 - 6 - FINALIZADO
[251730] - 200 - 0 - EN COLA
[251730] - 200 - 0 - CREADO
[252084] - 190 - 6 - ASIGNADO_A_VRAM
[252970] - 190 - 6 - FINALIZADO
[253078] - 201 - 0 - EN COLA
[253079] - 201 - 0 - CREADO
[253422] - 191 - 6 - ASIGNADO_A_VRAM
[254291] - 191 - 6 - FINALIZADO
[254399] - 202 - 0 - EN COLA
[254400] - 202 - 0 - CREADO
[254756] - 192 - 6 - ASIGNADO_A_VRAM
[255623] - 192 - 6 - FINALIZADO
[255733] - 203 - 0 - EN COLA
[255734] - 203 - 0 - CREADO
[256074] - 193 - 6 - ASIGNADO_A_VRAM
[256944] - 193 - 6 - FINALIZADO
[257051] - 204 - 0 - EN COLA
[257053] - 204 - 0 - CREADO
[257409] - 194 - 6 - ASIGNADO_A_VRAM
[258292] - 194 - 6 - FINALIZADO
[258401] - 205 - 0 - EN COLA
[258401] - 205 - 0 - CREADO
[258758] - 195 - 6 - ASIGNADO_A_VRAM
[259624] - 195 - 6 - FINALIZADO
[259735] - 206 - 0 - EN COLA
[259735] - 206 - 0 - CREADO
[260090] - 196 - 6 - ASIGNADO_A_VRAM
[260956] - 196 - 6 - FINALIZADO
[261066] - 207 - 0 - EN COLA
[261067] - 207 - 0 - CREADO
[261424] - 197 - 6 - ASIGNADO_A_VRAM
[262308] - 197 - 6 - FINALIZADO
[262417] - 208 - 0 - EN COLA
[262418] - 208 - 0 - CREADO
[262773] - 198 - 6 - ASIGNADO_A_VRAM
[263656] - 198 - 6 - FINALIZADO
[263766] - 209 - 0 - EN COLA
[263767] - 209 - 0 - CREADO
[264107] - 199 - 6 - ASIGNADO_A_VRAM
[264973] - 199 - 6 - FINALIZADO
[265082] - 210 - 0 - EN COLA
[265083] - 210 - 0 - CREADO
[265438] - 200 - 6 - ASIGNADO_A_VRAM
[266309] - 200 - 6 - FINALIZADO
[266418] - 211 - 0 - EN COLA
[266419] - 211 - 0 - CREADO
[266773] - 201 - 6 - ASIGNADO_A_VRAM
[267643] - 201 - 6 - FINALIZADO
[267768] - 212 - 0 - EN COLA
[267769] - 212 - 0 - CREADO
[268112] - 202 - 6 - ASIGNADO_A_VRAM
